    -----------------
    | Tight Binding |
    -----------------

The model is taken from the following papers:

Computational materials synthesis. I. A tight-binding scheme for hydrocarbons
A. P. Horsfield, P. D. Godwin, D. G. Pettifor, and A. P. Sutton
PHYSICAL REVIEW B VOLUME 54, NUMBER 22 1 DECEMBER 1996-II

Model characteristics
---------------------
Tabulated tight binding
Overlap      : 0
Crystal field: 0
Three centre : 0
N_{ij} Integrals : 0
SN Integrals: 0
Self-consistency parameters:
----------------------------
Number of loops         = 200
Energy tolerance        = 0.000000
Density tolerance       = 0.000010
Mixing scheme           = 1
Preconditioning type    = 1
Thomas-Fermi K          = 1.000000
Mix factor              = 0.020000
Number of mixing levels = 5

Other parameters:
-----------------
Excess number of electrons = 0.000000

State occupation parameters
---------------------------
Number tolerance =      1e-12
Atomic relaxation parameters:
-----------------------------
Relaxation method       = 3
Force tolerance         = 0.000100Ry/a0
Maximum number of steps = 1000

K points:
---------

K points:
---------


Atomic data:
------------
Atom Type #    1
----------------
Chemical symbol           : C 
Core charge               : 4.000000
Number of angular momenta : 2
Number of orbitals        : 4
Atomic radius             : 4.913288
Atomic energy correction  : 0.000000
  n l m     energy     occupancy    radius
  2 0 0   -0.219760     2.000000     4.913288
  2 1 0   0.272680     0.666670     4.913288
  2 1 1   0.272680     0.666670     4.913288
  2 1 2   0.272680     0.666660     4.913288

Atom Type #    2
----------------
Chemical symbol           : H 
Core charge               : 1.000000
Number of angular momenta : 1
Number of orbitals        : 1
Atomic radius             : 2.305467
Atomic energy correction  : 0.066060
  n l m     energy     occupancy    radius
  1 0 0   -0.349079     1.000000     2.305467

Orbital and electron count:
---------------------------
Number of orbitals  = 14
Number of electrons = 14.000000

Too few bands to accomodate the electrons.
NBands = 0, NElec = 14.000000
Setting number of bands to number of orbitals.

Diagonalizer information:
-------------------------
Using Unpacked LAPACK routine
NBands = 14

scf :  0) E =       1.371034604 Ry  dRho =      0.661  Q =          0  t =       0.0 s
scf :  1) E =       1.545969739 Ry  dRho =      0.653  Q =  -2.89e-15  t =       0.0 s
scf :  2) E =       1.844298022 Ry  dRho =      0.645  Q =   6.66e-16  t =       0.0 s
scf :  3) E =       2.142621359 Ry  dRho =      0.637  Q =  -2.89e-15  t =       0.0 s
scf :  4) E =        2.44093975 Ry  dRho =      0.629  Q =   2.89e-15  t =       0.0 s
scf :  5) E =       2.739253198 Ry  dRho =      0.621  Q =          0  t =       0.0 s
scf :  6) E =        2.44093975 Ry  dRho =      0.629  Q =   2.89e-15  t =       0.0 s
scf :  7) E =       2.577815833 Ry  dRho =      0.621  Q =   2.22e-16  t =       0.0 s
scf :  8) E =       2.707079587 Ry  dRho =      0.613  Q =   4.44e-16  t =       0.0 s
scf :  9) E =       2.828840432 Ry  dRho =      0.605  Q =   6.66e-16  t =       0.0 s
scf : 10) E =        3.12717018 Ry  dRho =      0.597  Q =  -3.77e-15  t =       0.0 s
scf : 11) E =        3.42549498 Ry  dRho =       0.59  Q =  -2.22e-16  t =       0.0 s
scf : 12) E =       3.723814835 Ry  dRho =      0.582  Q =  -1.33e-15  t =       0.0 s
scf : 13) E =       4.022129745 Ry  dRho =      0.575  Q =   2.44e-15  t =       0.0 s
scf : 14) E =       3.723814835 Ry  dRho =      0.582  Q =  -1.33e-15  t =       0.0 s
scf : 15) E =        3.42549498 Ry  dRho =       0.59  Q =  -2.22e-16  t =       0.0 s
scf : 16) E =       3.519936682 Ry  dRho =      0.582  Q =  -1.11e-15  t =       0.0 s
scf : 17) E =       3.607378242 Ry  dRho =      0.574  Q =   6.66e-16  t =       0.0 s
scf : 18) E =       3.905713679 Ry  dRho =      0.566  Q =  -1.11e-15  t =       0.0 s
scf : 19) E =       4.204044167 Ry  dRho =      0.559  Q =   1.78e-15  t =       0.0 s
scf : 20) E =       4.502369707 Ry  dRho =      0.551  Q =  -8.88e-16  t =       0.0 s
scf : 21) E =       4.800690301 Ry  dRho =      0.544  Q =  -1.11e-15  t =       0.0 s
scf : 22) E =       4.502369707 Ry  dRho =      0.551  Q =  -1.78e-15  t =       0.0 s
scf : 23) E =       4.204044167 Ry  dRho =      0.559  Q =   2.44e-15  t =       0.0 s
scf : 24) E =       4.264663984 Ry  dRho =      0.551  Q =  -2.22e-16  t =       0.0 s
scf : 25) E =       4.562999179 Ry  dRho =      0.544  Q =  -8.88e-16  t =       0.0 s
scf : 26) E =       4.861329425 Ry  dRho =      0.536  Q =  -6.66e-16  t =       0.0 s
scf : 27) E =       5.159654723 Ry  dRho =      0.529  Q =   1.78e-15  t =       0.0 s
scf : 28) E =       5.457975075 Ry  dRho =      0.522  Q =   2.89e-15  t =       0.0 s
scf : 29) E =       5.159654723 Ry  dRho =      0.529  Q =   1.78e-15  t =       0.0 s
scf : 30) E =       5.183884091 Ry  dRho =      0.521  Q =   8.88e-16  t =       0.0 s
scf : 31) E =       5.202121765 Ry  dRho =      0.513  Q =  -2.22e-16  t =       0.0 s
scf : 32) E =       5.214450648 Ry  dRho =      0.505  Q =   1.33e-15  t =       0.0 s
scf : 33) E =       5.512807792 Ry  dRho =      0.498  Q =          0  t =       0.0 s
scf : 34) E =       5.263511113 Ry  dRho =      0.489  Q =  -1.11e-15  t =       0.0 s
scf : 35) E =       5.561892006 Ry  dRho =      0.482  Q =  -2.22e-16  t =       0.0 s
scf : 36) E =       5.860267933 Ry  dRho =      0.475  Q =   1.11e-15  t =       0.0 s
scf : 37) E =       5.812858636 Ry  dRho =      0.468  Q =   1.55e-15  t =       0.0 s
scf : 38) E =       5.514466525 Ry  dRho =      0.475  Q =   8.88e-16  t =       0.0 s
scf : 39) E =       5.466887276 Ry  dRho =      0.467  Q =          0  t =       0.0 s
scf : 40) E =        5.16847397 Ry  dRho =      0.474  Q =  -2.22e-16  t =       0.0 s
scf : 41) E =       4.870055685 Ry  dRho =      0.481  Q =   2.44e-15  t =       0.0 s
scf : 42) E =       4.822289972 Ry  dRho =      0.474  Q =   1.55e-15  t =       0.0 s
scf : 43) E =       4.870055685 Ry  dRho =      0.481  Q =   2.44e-15  t =       0.0 s
scf : 44) E =       4.864612921 Ry  dRho =      0.473  Q =  -4.44e-16  t =       0.0 s
scf : 45) E =       4.853576424 Ry  dRho =      0.465  Q =          0  t =       0.0 s
scf : 46) E =        4.83702213 Ry  dRho =      0.457  Q =   1.78e-15  t =       0.0 s
scf : 47) E =       5.135482869 Ry  dRho =       0.45  Q =  -4.22e-15  t =       0.0 s
scf : 48) E =       5.433938615 Ry  dRho =      0.443  Q =   1.33e-15  t =       0.0 s
scf : 49) E =       5.732389371 Ry  dRho =      0.436  Q =   6.66e-16  t =       0.0 s
scf : 50) E =       5.259749276 Ry  dRho =      0.426  Q =  -1.33e-15  t =       0.0 s
scf : 51) E =       4.961255635 Ry  dRho =      0.433  Q =   1.55e-15  t =       0.0 s
scf : 52) E =       4.662756988 Ry  dRho =       0.44  Q =  -4.44e-16  t =       0.0 s
scf : 53) E =       4.364253334 Ry  dRho =      0.447  Q =   1.55e-15  t =       0.0 s
scf : 54) E =       4.065744671 Ry  dRho =      0.455  Q =  -1.33e-15  t =       0.0 s
scf : 55) E =       3.767230998 Ry  dRho =      0.462  Q =   1.33e-15  t =       0.0 s
scf : 56) E =       3.468712313 Ry  dRho =      0.469  Q =      4e-15  t =       0.0 s
scf : 57) E =       3.170188615 Ry  dRho =      0.477  Q =      2e-15  t =       0.0 s
scf : 58) E =       2.871659902 Ry  dRho =      0.484  Q =  -1.78e-15  t =       0.0 s
scf : 59) E =       2.573126172 Ry  dRho =      0.492  Q =   4.44e-16  t =       0.0 s
scf : 60) E =       2.274587423 Ry  dRho =      0.499  Q =     -2e-15  t =       0.0 s
scf : 61) E =       1.976043655 Ry  dRho =      0.507  Q =   3.55e-15  t =       0.0 s
scf : 62) E =       1.677494866 Ry  dRho =      0.515  Q =  -1.55e-15  t =       0.0 s
scf : 63) E =       1.378941054 Ry  dRho =      0.522  Q =      2e-15  t =       0.0 s
scf : 64) E =       1.080382217 Ry  dRho =       0.53  Q =   1.55e-15  t =       0.0 s
scf : 65) E =       0.781818354 Ry  dRho =      0.538  Q =  -2.22e-15  t =       0.0 s
scf : 66) E =      0.6953213631 Ry  dRho =       0.54  Q =          0  t =       0.0 s
scf : 67) E =      0.5125339677 Ry  dRho =      0.539  Q =   1.78e-15  t =       0.0 s
scf : 68) E =      0.5135297544 Ry  dRho =      0.539  Q =  -3.55e-15  t =       0.0 s
scf : 69) E =      0.8121078545 Ry  dRho =      0.531  Q =   1.11e-15  t =       0.0 s
scf : 70) E =       1.110680924 Ry  dRho =      0.523  Q =   2.22e-15  t =       0.0 s
scf : 71) E =       0.833690003 Ry  dRho =      0.531  Q =  -1.55e-15  t =       0.0 s
scf : 72) E =      0.6695328102 Ry  dRho =      0.539  Q =   1.55e-15  t =       0.0 s
scf : 73) E =      0.6479235722 Ry  dRho =      0.539  Q =  -2.22e-16  t =       0.0 s
scf : 74) E =      0.5999978387 Ry  dRho =      0.531  Q =   4.44e-16  t =       0.0 s
scf : 75) E =      0.6479235722 Ry  dRho =      0.539  Q =  -2.22e-16  t =       0.0 s
scf : 76) E =      0.7496889361 Ry  dRho =      0.531  Q =     -2e-15  t =       0.0 s
scf : 77) E =      0.8443037394 Ry  dRho =      0.523  Q =   3.77e-15  t =       0.0 s
scf : 78) E =      0.9318686432 Ry  dRho =      0.515  Q =  -1.55e-15  t =       0.0 s
scf : 79) E =       1.230461454 Ry  dRho =      0.507  Q =  -2.22e-16  t =       0.0 s
scf : 80) E =        1.52904923 Ry  dRho =      0.499  Q =          0  t =       0.0 s
scf : 81) E =       1.827631972 Ry  dRho =      0.492  Q =  -2.22e-16  t =       0.0 s
scf : 82) E =        1.52904923 Ry  dRho =      0.499  Q =          0  t =       0.0 s
scf : 83) E =        1.58970437 Ry  dRho =      0.491  Q =   3.33e-15  t =       0.0 s
scf : 84) E =       1.643791661 Ry  dRho =      0.483  Q =   6.66e-16  t =       0.0 s
scf : 85) E =       1.691402263 Ry  dRho =      0.475  Q =          0  t =       0.0 s
scf : 86) E =       1.990015603 Ry  dRho =      0.468  Q =   1.78e-15  t =       0.0 s
scf : 87) E =       2.288623901 Ry  dRho =       0.46  Q =  -2.22e-16  t =       0.0 s
scf : 88) E =        2.58722716 Ry  dRho =      0.452  Q =   2.22e-16  t =       0.0 s
scf : 89) E =       2.288623901 Ry  dRho =       0.46  Q =     -2e-15  t =       0.0 s
scf : 90) E =       1.990015603 Ry  dRho =      0.468  Q =  -2.22e-16  t =       0.0 s
scf : 91) E =       2.021259902 Ry  dRho =      0.459  Q =   5.77e-15  t =       0.0 s
scf : 92) E =       1.722634925 Ry  dRho =      0.467  Q =  -3.33e-15  t =       0.0 s
scf : 93) E =       1.424004901 Ry  dRho =      0.475  Q =   2.22e-15  t =       0.0 s
scf : 94) E =       1.125369828 Ry  dRho =      0.483  Q =  -1.11e-15  t =       0.0 s
scf : 95) E =      0.8267297072 Ry  dRho =       0.49  Q =   4.44e-16  t =       0.0 s
scf : 96) E =      0.5280845348 Ry  dRho =      0.498  Q =  -1.33e-15  t =       0.0 s
scf : 97) E =       0.422705434 Ry  dRho =      0.501  Q =   4.44e-16  t =       0.0 s
scf : 98) E =      0.4182549315 Ry  dRho =      0.501  Q =   4.44e-16  t =       0.0 s
scf : 99) E =       0.418256019 Ry  dRho =      0.501  Q =   1.33e-15  t =       0.0 s
scf : 100) E =      0.3956861018 Ry  dRho =        0.5  Q =   2.89e-15  t =       0.0 s
scf : 101) E =      0.6943360634 Ry  dRho =      0.493  Q =   1.55e-15  t =       0.0 s
scf : 102) E =      0.9929809729 Ry  dRho =      0.485  Q =   8.88e-16  t =       0.0 s
scf : 103) E =      0.6943360634 Ry  dRho =      0.493  Q =   1.55e-15  t =       0.0 s
scf : 104) E =      0.7627528755 Ry  dRho =      0.484  Q =   8.88e-16  t =       0.0 s
scf : 105) E =      0.8244797602 Ry  dRho =      0.476  Q =  -8.88e-16  t =       0.0 s
scf : 106) E =       0.879609568 Ry  dRho =      0.468  Q =  -3.77e-15  t =       0.0 s
scf : 107) E =       1.178283716 Ry  dRho =       0.46  Q =   2.22e-16  t =       0.0 s
scf : 108) E =       1.476952804 Ry  dRho =      0.453  Q =   6.66e-16  t =       0.0 s
scf : 109) E =       1.775616835 Ry  dRho =      0.445  Q =     -2e-15  t =       0.0 s
scf : 110) E =       1.851185127 Ry  dRho =      0.437  Q =   8.88e-16  t =       0.0 s
scf : 111) E =       1.552512327 Ry  dRho =      0.445  Q =  -4.44e-16  t =       0.0 s
scf : 112) E =       1.504272402 Ry  dRho =      0.436  Q =   1.11e-15  t =       0.0 s
scf : 113) E =       1.552512327 Ry  dRho =      0.445  Q =  -4.44e-16  t =       0.0 s
scf : 114) E =       1.574390234 Ry  dRho =      0.436  Q =  -2.22e-16  t =       0.0 s
scf : 115) E =       1.590229151 Ry  dRho =      0.428  Q =   4.22e-15  t =       0.0 s
scf : 116) E =       1.600111241 Ry  dRho =       0.42  Q =   2.89e-15  t =       0.0 s
scf : 117) E =       1.898821948 Ry  dRho =      0.413  Q =   4.44e-16  t =       0.0 s
scf : 118) E =       2.197527586 Ry  dRho =      0.405  Q =  -6.66e-16  t =       0.0 s
scf : 119) E =       2.496228156 Ry  dRho =      0.398  Q =   2.89e-15  t =       0.0 s
scf : 120) E =       1.749623075 Ry  dRho =      0.388  Q =   2.44e-15  t =       0.0 s
scf : 121) E =       1.450862037 Ry  dRho =      0.395  Q =          0  t =       0.0 s
scf : 122) E =       1.749623075 Ry  dRho =      0.388  Q =   2.44e-15  t =       0.0 s
scf : 123) E =       1.728523348 Ry  dRho =       0.38  Q =   2.44e-15  t =       0.0 s
scf : 124) E =        1.70196733 Ry  dRho =      0.371  Q =  -1.11e-15  t =       0.0 s
scf : 125) E =       1.670027346 Ry  dRho =      0.363  Q =   3.33e-15  t =       0.0 s
scf : 126) E =        1.96882933 Ry  dRho =      0.356  Q =  -6.66e-16  t =       0.0 s
scf : 127) E =       2.267626222 Ry  dRho =      0.349  Q =  -3.11e-15  t =       0.0 s
scf : 128) E =       2.566418022 Ry  dRho =      0.341  Q =  -2.66e-15  t =       0.0 s
scf : 129) E =       2.865204732 Ry  dRho =      0.334  Q =  -8.88e-16  t =       0.0 s
scf : 130) E =       2.566418022 Ry  dRho =      0.341  Q =  -2.66e-15  t =       0.0 s
scf : 131) E =       2.499201045 Ry  dRho =      0.333  Q =   3.55e-15  t =       0.0 s
scf : 132) E =       2.427161548 Ry  dRho =      0.325  Q =  -6.66e-16  t =       0.0 s
scf : 133) E =       2.350361343 Ry  dRho =      0.316  Q =  -1.11e-15  t =       0.0 s
scf : 134) E =       2.649202723 Ry  dRho =      0.309  Q =   1.55e-15  t =       0.0 s
scf : 135) E =       2.948039002 Ry  dRho =      0.302  Q =          0  t =       0.0 s
scf : 136) E =       3.246870179 Ry  dRho =      0.296  Q =   1.11e-15  t =       0.0 s
scf : 137) E =       3.545696255 Ry  dRho =      0.289  Q =   2.22e-16  t =       0.0 s
scf : 138) E =       3.246870179 Ry  dRho =      0.296  Q =   1.11e-15  t =       0.0 s
scf : 139) E =       3.135404379 Ry  dRho =      0.287  Q =   2.22e-16  t =       0.0 s
scf : 140) E =       3.019716418 Ry  dRho =      0.279  Q =   1.33e-15  t =       0.0 s
scf : 141) E =       2.899858071 Ry  dRho =       0.27  Q =  -1.11e-16  t =       0.0 s
scf : 142) E =       2.338009359 Ry  dRho =       0.26  Q =   9.99e-16  t =       0.0 s
scf : 143) E =       2.636947578 Ry  dRho =      0.254  Q =  -1.89e-15  t =       0.0 s
scf : 144) E =       2.935880673 Ry  dRho =      0.247  Q =  -2.22e-16  t =       0.0 s
scf : 145) E =       3.234808645 Ry  dRho =      0.241  Q =  -2.44e-15  t =       0.0 s
scf : 146) E =       2.935880673 Ry  dRho =      0.247  Q =   2.22e-16  t =       0.0 s
scf : 147) E =       2.636947578 Ry  dRho =      0.254  Q =  -2.22e-15  t =       0.0 s
scf : 148) E =       2.338009359 Ry  dRho =       0.26  Q =   7.77e-16  t =       0.0 s
scf : 149) E =       2.039066015 Ry  dRho =      0.267  Q =  -6.66e-16  t =       0.0 s
scf : 150) E =       1.740117546 Ry  dRho =      0.274  Q =  -4.44e-16  t =       0.0 s
scf : 151) E =       1.441163949 Ry  dRho =      0.281  Q =  -2.22e-15  t =       0.0 s
scf : 152) E =       1.142205224 Ry  dRho =      0.289  Q =  -6.66e-16  t =       0.0 s
scf : 153) E =      0.8432413695 Ry  dRho =      0.296  Q =      2e-15  t =       0.0 s
scf : 154) E =      0.5442723853 Ry  dRho =      0.303  Q =  -6.66e-16  t =       0.0 s
scf : 155) E =      0.2452982697 Ry  dRho =      0.311  Q =  -1.67e-15  t =       0.0 s
scf : 156) E =    -0.05368097835 Ry  dRho =      0.319  Q =  -3.33e-16  t =       0.0 s
scf : 157) E =     -0.3526653592 Ry  dRho =      0.327  Q =   8.88e-16  t =       0.0 s
scf : 158) E =     -0.5906607494 Ry  dRho =      0.333  Q =   3.11e-15  t =       0.0 s
scf : 159) E =     -0.5957976144 Ry  dRho =      0.333  Q =   2.22e-15  t =       0.0 s
scf : 160) E =     -0.5960556645 Ry  dRho =      0.333  Q =  -5.55e-16  t =       0.0 s
scf : 161) E =      -0.594066042 Ry  dRho =      0.333  Q =  -3.11e-15  t =       0.0 s
scf : 162) E =     -0.2950774879 Ry  dRho =      0.325  Q =  -8.88e-16  t =       0.0 s
scf : 163) E =    0.003905931907 Ry  dRho =      0.317  Q =   1.33e-15  t =       0.0 s
scf : 164) E =     -0.2950774879 Ry  dRho =      0.325  Q =  -8.88e-16  t =       0.0 s
scf : 165) E =     -0.3289347878 Ry  dRho =      0.317  Q =  -5.66e-15  t =       0.0 s
scf : 166) E =     -0.3681295023 Ry  dRho =      0.308  Q =   6.66e-16  t =       0.0 s
scf : 167) E =      -0.412592066 Ry  dRho =        0.3  Q =  -9.99e-16  t =       0.0 s
scf : 168) E =     -0.1135598864 Ry  dRho =      0.292  Q =   4.66e-15  t =       0.0 s
scf : 169) E =      0.1854671505 Ry  dRho =      0.285  Q =   2.33e-15  t =       0.0 s
scf : 170) E =      0.4844890465 Ry  dRho =      0.277  Q =  -1.78e-15  t =       0.0 s
scf : 171) E =      0.7835058018 Ry  dRho =       0.27  Q =   2.44e-15  t =       0.0 s
scf : 172) E =      0.4844890465 Ry  dRho =      0.277  Q =  -1.78e-15  t =       0.0 s
scf : 173) E =      0.4051958869 Ry  dRho =      0.269  Q =  -6.66e-16  t =       0.0 s
scf : 174) E =      0.3279224585 Ry  dRho =      0.261  Q =  -4.88e-15  t =       0.0 s
scf : 175) E =       0.252619106 Ry  dRho =      0.253  Q =  -1.33e-15  t =       0.0 s
scf : 176) E =      0.5516906111 Ry  dRho =      0.245  Q =  -4.11e-15  t =       0.0 s
scf : 177) E =      0.8507569672 Ry  dRho =      0.238  Q =  -9.99e-16  t =       0.0 s
scf : 178) E =       1.149818175 Ry  dRho =      0.231  Q =   4.33e-15  t =       0.0 s
scf : 179) E =        1.44386992 Ry  dRho =      0.224  Q =   1.33e-15  t =       0.0 s
scf : 180) E =       1.144813546 Ry  dRho =      0.231  Q =   3.22e-15  t =       0.0 s
scf : 181) E =      0.8457520242 Ry  dRho =      0.238  Q =   6.66e-16  t =       0.0 s
scf : 182) E =      0.5466853546 Ry  dRho =      0.245  Q =   1.11e-15  t =       0.0 s
scf : 183) E =      0.2476135351 Ry  dRho =      0.253  Q =  -3.55e-15  t =       0.0 s
scf : 184) E =    -0.05146343442 Ry  dRho =       0.26  Q =   1.44e-15  t =       0.0 s
scf : 185) E =     -0.3505455549 Ry  dRho =      0.268  Q =  -8.88e-16  t =       0.0 s
scf : 186) E =     -0.6496328276 Ry  dRho =      0.276  Q =   2.22e-16  t =       0.0 s
scf : 187) E =     -0.8993452687 Ry  dRho =      0.282  Q =  -3.55e-15  t =       0.0 s
scf : 188) E =     -0.9034785939 Ry  dRho =      0.282  Q =   1.78e-15  t =       0.0 s
scf : 189) E =     -0.9034804175 Ry  dRho =      0.282  Q =   2.22e-16  t =       0.0 s
scf : 190) E =     -0.9028027393 Ry  dRho =      0.282  Q =  -1.44e-15  t =       0.0 s
scf : 191) E =     -0.6037109822 Ry  dRho =      0.274  Q =   2.89e-15  t =       0.0 s
scf : 192) E =     -0.3046243777 Ry  dRho =      0.267  Q =   1.22e-15  t =       0.0 s
scf : 193) E =     -0.6037109822 Ry  dRho =      0.274  Q =   2.89e-15  t =       0.0 s
scf : 194) E =     -0.6596097433 Ry  dRho =      0.266  Q =   8.88e-16  t =       0.0 s
scf : 195) E =      -0.713992095 Ry  dRho =      0.259  Q =   7.77e-16  t =       0.0 s
scf : 196) E =     -0.7668972808 Ry  dRho =      0.251  Q =  -6.66e-16  t =       0.0 s
scf : 197) E =     -0.4677617109 Ry  dRho =      0.243  Q =  -2.11e-15  t =       0.0 s
scf : 198) E =     -0.1686313005 Ry  dRho =      0.236  Q =  -9.99e-16  t =       0.0 s
scf : 199) E =      0.1304939509 Ry  dRho =      0.228  Q =   2.11e-15  t =       0.0 s
scf : 200) E =      0.4296140442 Ry  dRho =      0.221  Q =      2e-15  t =       0.0 s

Before Relaxation:
==================

Primitive translation vectors (a0):
-----------------------------------
   100.00000      0.00000      0.00000
     0.00000    100.00000      0.00000
     0.00000      0.00000    100.00000
Volume       = 1000000.000000 a0^3
Cell repeats =    0    0    0

Number of atoms = 8
Neighbor cutoff =      9.82658 a0

Atomic positions (a0):
----------------------
C      -0.30363      1.01924     -0.98191
H       0.57498      0.52067     -2.78891
H       0.45028      2.86688     -0.42855
H      -2.35953      1.18373     -1.16195
C       0.30363     -1.01924      0.98191
H      -0.57498     -0.52067      2.78891
H      -0.45028     -2.86688      0.42855
H       2.35953     -1.18373      1.16195

Total forces (Ry/a0):
---------------------
   0.005514898904    -0.01072096528     0.01249119331
  -0.002096991356   -0.006007242551    -0.01245878448
   0.004344354883    0.006799376263    0.009653141017
   -0.01067783678  -0.0006282448042   -0.007453869339
  -0.005510085938     0.01073117539    -0.01249025586
   0.002097980075    0.006005186741     0.01245826015
  -0.004346810667   -0.006806048057   -0.009654539715
    0.01067449088   0.0006267622947    0.007454854909

Stress Tensor (MBars):
----------------------
 -7.139942899e-06  -1.278961221e-06  -3.230421315e-06
 -1.278961221e-06  -1.382828581e-06  -7.383839754e-06
 -3.230421315e-06  -7.383839754e-06  -7.945372892e-06

EFermi =      0.4331170 Ry
(kT    =      0.0010000 Ry)

E0               =      6.2590155 Ry
E1               =     -5.8294015 Ry
Entropy          =      0.0000000 Ry
------------------------------------
Total (Free)     =      0.4296140 Ry
                 =      5.8452428 eV
                 =    135.1350976 kCal/mol
                 =    565.3720821 kJ/mol
------------------------------------
Total (Internal) =      0.4296140 Ry
                 =      5.8452428 eV
                 =    135.1350976 kCal/mol
                 =    565.3720821 kJ/mol
------------------------------------
Total (kT->0)    =      0.4296140 Ry
                 =      5.8452428 eV
                 =    135.1350976 kCal/mol
                 =    565.3720821 kJ/mol

Net atomic charges (Mulliken):
------------------------------
C (   1) =      0.94059
H (   2) =     -0.31416
H (   3) =     -0.31184
H (   4) =     -0.31454
C (   5) =      0.94048
H (   6) =     -0.31415
H (   7) =     -0.31185
H (   8) =     -0.31452

Orbital populations (Mulliken):
-------------------------------
C (   1):  1.05  0.70  0.60  0.71 
H (   2):  1.31 
H (   3):  1.31 
H (   4):  1.31 
C (   5):  1.05  0.70  0.60  0.71 
H (   6):  1.31 
H (   7):  1.31 
H (   8):  1.31 

Total multipole moments:
------------------------

N.B. See the manual for the ordering of the moments.

Dipole  [e*a0]:  -0.00003494   0.00001961   0.00011024
Dipole [Debye]:  -0.00008881   0.00004984   0.00028021

Quadrupole  [e*a0^2]:   0.46748871   0.27245996  -0.05394279  -0.37363087   0.99194210  -0.09385785
Quadrupole [Debye*A]:   0.62878805   0.36646782  -0.07255487  -0.50254609   1.33419550  -0.12624196


Electrostatic potential:
------------------------
C (   1):    -0.07963951
H (   2):     0.02829369
H (   3):     0.03254845
H (   4):     0.02688565
C (   5):    -0.07969249
H (   6):      0.0282694
H (   7):     0.03247998
H (   8):      0.0268707
scf :  0) E =      0.4748470142 Ry  dRho =      0.225  Q =   1.55e-15  t =       0.0 s
scf :  1) E =      0.3970273317 Ry  dRho =      0.218  Q =   1.22e-15  t =       0.0 s
scf :  2) E =      0.6947174818 Ry  dRho =      0.211  Q =     -2e-15  t =       0.0 s
scf :  3) E =      0.9924030996 Ry  dRho =      0.204  Q =   1.11e-16  t =       0.0 s
scf :  4) E =      0.2395375222 Ry  dRho =      0.193  Q =   3.44e-15  t =       0.0 s
scf :  5) E =      0.5372779715 Ry  dRho =      0.186  Q =   2.33e-15  t =       0.0 s
scf :  6) E =      0.8350138811 Ry  dRho =      0.179  Q =   1.67e-15  t =       0.0 s
scf :  7) E =       1.132745252 Ry  dRho =      0.172  Q =   2.22e-16  t =       0.0 s
scf :  8) E =      0.8350138811 Ry  dRho =      0.179  Q =      2e-15  t =       0.0 s
scf :  9) E =      0.5372779715 Ry  dRho =      0.186  Q =  -1.11e-16  t =       0.0 s
scf : 10) E =      0.8350138811 Ry  dRho =      0.179  Q =      2e-15  t =       0.0 s
scf : 11) E =      0.7514874783 Ry  dRho =      0.173  Q =  -7.77e-16  t =       0.0 s
scf : 12) E =      0.6700106424 Ry  dRho =      0.168  Q =   1.11e-16  t =       0.0 s
scf : 13) E =      0.5905334335 Ry  dRho =      0.162  Q =   3.33e-16  t =       0.0 s
scf : 14) E =      0.8883063955 Ry  dRho =      0.155  Q =   4.44e-16  t =       0.0 s
scf : 15) E =      0.9733971663 Ry  dRho =      0.148  Q =   1.55e-15  t =       0.0 s
scf : 16) E =      0.7224618954 Ry  dRho =      0.139  Q =   2.89e-15  t =       0.0 s
scf : 17) E =      0.6152889937 Ry  dRho =       0.13  Q =  -4.22e-15  t =       0.0 s
scf : 18) E =      0.3826891847 Ry  dRho =      0.121  Q =  -5.55e-16  t =       0.0 s
scf : 19) E =      0.1544526091 Ry  dRho =      0.112  Q =  -1.11e-15  t =       0.0 s
scf : 20) E =    -0.07711609376 Ry  dRho =      0.102  Q =  -3.77e-15  t =       0.0 s
scf : 21) E =     -0.3119442029 Ry  dRho =     0.0932  Q =   1.89e-15  t =       0.0 s
scf : 22) E =     -0.5427571248 Ry  dRho =      0.084  Q =   1.44e-15  t =       0.0 s
scf : 23) E =     -0.7725288391 Ry  dRho =     0.0747  Q =  -4.44e-16  t =       0.0 s
scf : 24) E =      -1.002196386 Ry  dRho =     0.0655  Q =   8.88e-16  t =       0.0 s
scf : 25) E =      -1.240909583 Ry  dRho =     0.0562  Q =   1.33e-15  t =       0.0 s
scf : 26) E =      -1.468833925 Ry  dRho =     0.0469  Q =   6.33e-15  t =       0.0 s
scf : 27) E =      -1.697948005 Ry  dRho =     0.0376  Q =   3.33e-15  t =       0.0 s
scf : 28) E =      -1.932384467 Ry  dRho =     0.0283  Q =   2.66e-15  t =       0.0 s
scf : 29) E =      -2.163991587 Ry  dRho =      0.019  Q =  -1.11e-15  t =       0.0 s
scf : 30) E =      -2.393934354 Ry  dRho =    0.00968  Q =   2.66e-15  t =       0.0 s
scf : 31) E =      -2.627452817 Ry  dRho =   0.000371  Q =   2.22e-15  t =       0.0 s
scf : 32) E =      -2.636570643 Ry  dRho =   0.000162  Q =   2.78e-15  t =       0.0 s
scf : 33) E =      -2.640877755 Ry  dRho =   0.000159  Q =  -1.78e-15  t =       0.0 s
scf : 34) E =       -2.63979278 Ry  dRho =   9.15e-05  Q =   4.44e-16  t =       0.0 s
scf : 35) E =      -2.639734252 Ry  dRho =   8.57e-05  Q =   2.22e-16  t =       0.0 s
scf : 36) E =      -2.639562603 Ry  dRho =   8.32e-05  Q =   1.67e-15  t =       0.0 s
scf : 37) E =      -2.636382032 Ry  dRho =   4.43e-05  Q =   1.11e-15  t =       0.0 s
scf : 38) E =      -2.636468242 Ry  dRho =   4.32e-05  Q =   3.33e-16  t =       0.0 s
scf : 39) E =       -2.63713077 Ry  dRho =   3.88e-05  Q =  -8.88e-16  t =       0.0 s
scf : 40) E =       -2.63718487 Ry  dRho =    3.6e-05  Q =   6.66e-16  t =       0.0 s
scf : 41) E =       -2.63732563 Ry  dRho =   3.37e-05  Q =  -1.22e-15  t =       0.0 s
scf : 42) E =      -2.637457715 Ry  dRho =   3.26e-05  Q =  -2.22e-16  t =       0.0 s
scf : 43) E =      -2.638423141 Ry  dRho =   2.51e-05  Q =   1.11e-16  t =       0.0 s
scf : 44) E =      -2.638282562 Ry  dRho =   2.41e-05  Q =   1.22e-15  t =       0.0 s
scf : 45) E =      -2.638126743 Ry  dRho =   2.33e-05  Q =  -5.55e-16  t =       0.0 s
scf : 46) E =      -2.638075209 Ry  dRho =   1.81e-05  Q =   1.78e-15  t =       0.0 s
scf : 47) E =      -2.638045289 Ry  dRho =   1.76e-05  Q =   1.11e-16  t =       0.0 s
scf : 48) E =      -2.637920118 Ry  dRho =   1.67e-05  Q =   3.66e-15  t =       0.0 s
scf : 49) E =      -2.637739386 Ry  dRho =   1.57e-05  Q =   6.66e-16  t =       0.0 s
scf : 50) E =       -2.63802287 Ry  dRho =   1.38e-05  Q =   2.66e-15  t =       0.0 s
scf : 51) E =      -2.638064016 Ry  dRho =   1.34e-05  Q =   6.66e-16  t =       0.0 s
scf : 52) E =      -2.638111694 Ry  dRho =   7.48e-06  Q =  -5.55e-16  t =       0.0 s
scf :  0) E =      -2.641040402 Ry  dRho =    0.00048  Q =   8.88e-16  t =       0.0 s
scf :  1) E =      -2.640956924 Ry  dRho =   0.000466  Q =  -2.44e-15  t =       0.0 s
scf :  2) E =      -2.638169716 Ry  dRho =   2.81e-05  Q =   5.55e-16  t =       0.0 s
scf :  3) E =      -2.638207397 Ry  dRho =   2.86e-07  Q =   2.33e-15  t =       0.0 s
scf :  0) E =      -2.640966489 Ry  dRho =   0.000425  Q =   5.22e-15  t =       0.0 s
scf :  1) E =      -2.640894563 Ry  dRho =   0.000413  Q =  -4.44e-16  t =       0.0 s
scf :  2) E =      -2.638483902 Ry  dRho =   2.49e-05  Q =   3.11e-15  t =       0.0 s
scf :  3) E =      -2.638537478 Ry  dRho =   2.01e-07  Q =   2.22e-16  t =       0.0 s
scf :  0) E =       -2.64759224 Ry  dRho =    0.00151  Q =  -6.66e-16  t =       0.0 s
scf :  1) E =      -2.647341855 Ry  dRho =    0.00147  Q =  -3.11e-15  t =       0.0 s
scf :  2) E =      -2.638887448 Ry  dRho =   8.97e-05  Q =   2.44e-15  t =       0.0 s
scf :  3) E =       -2.63908412 Ry  dRho =    2.5e-06  Q =   2.22e-16  t =       0.0 s
scf :  0) E =      -2.636275421 Ry  dRho =   0.000561  Q =  -1.11e-15  t =       0.0 s
scf :  1) E =       -2.63636207 Ry  dRho =   0.000545  Q =   1.44e-15  t =       0.0 s
scf :  2) E =      -2.639327365 Ry  dRho =   4.02e-05  Q =   3.77e-15  t =       0.0 s
scf :  3) E =      -2.639202756 Ry  dRho =   3.64e-07  Q =   2.66e-15  t =       0.0 s
scf :  0) E =      -2.637690948 Ry  dRho =   0.000536  Q =  -8.88e-16  t =       0.0 s
scf :  1) E =      -2.637736574 Ry  dRho =   0.000522  Q =   4.44e-16  t =       0.0 s
scf :  2) E =      -2.639430266 Ry  dRho =   3.76e-05  Q =   1.44e-15  t =       0.0 s
scf :  3) E =      -2.639227518 Ry  dRho =   4.07e-07  Q =   4.44e-16  t =       0.0 s
scf :  0) E =      -2.638755761 Ry  dRho =   0.000125  Q =   6.66e-16  t =       0.0 s
scf :  1) E =      -2.638770166 Ry  dRho =   0.000122  Q =   4.44e-15  t =       0.0 s
scf :  2) E =      -2.639288235 Ry  dRho =   1.01e-05  Q =  -1.33e-15  t =       0.0 s
scf :  3) E =      -2.639242087 Ry  dRho =   2.32e-08  Q =  -1.78e-15  t =       0.0 s
scf :  0) E =      -2.639077779 Ry  dRho =   4.22e-05  Q =   2.11e-15  t =       0.0 s
scf :  1) E =      -2.639082673 Ry  dRho =   4.11e-05  Q =   2.33e-15  t =       0.0 s
scf :  2) E =       -2.63925851 Ry  dRho =   3.41e-06  Q =  -9.99e-16  t =       0.0 s
scf :  0) E =      -2.639809765 Ry  dRho =   0.000185  Q =  -1.33e-15  t =       0.0 s
scf :  1) E =      -2.639793082 Ry  dRho =    0.00018  Q =   8.88e-16  t =       0.0 s
scf :  2) E =      -2.639176441 Ry  dRho =   1.34e-05  Q =   2.33e-15  t =       0.0 s
scf :  3) E =      -2.639245953 Ry  dRho =    4.1e-08  Q =  -1.44e-15  t =       0.0 s
scf :  0) E =      -2.639434005 Ry  dRho =   6.29e-05  Q =  -1.11e-15  t =       0.0 s
scf :  1) E =      -2.639428454 Ry  dRho =   6.12e-05  Q =   6.66e-16  t =       0.0 s
scf :  2) E =      -2.639222881 Ry  dRho =   4.48e-06  Q =   1.33e-15  t =       0.0 s
scf :  0) E =       -2.63940469 Ry  dRho =   4.95e-05  Q =  -1.33e-15  t =       0.0 s
scf :  1) E =      -2.639400013 Ry  dRho =   4.82e-05  Q =  -7.77e-16  t =       0.0 s
scf :  2) E =      -2.639227876 Ry  dRho =   3.67e-06  Q =   5.55e-16  t =       0.0 s
scf :  0) E =      -2.639265669 Ry  dRho =   7.86e-06  Q =   6.66e-16  t =       0.0 s

After relaxation:
=================

Primitive translation vectors (a0):
-----------------------------------
   100.00000      0.00000      0.00000
     0.00000    100.00000      0.00000
     0.00000      0.00000    100.00000
Volume       = 1000000.000000 a0^3
Cell repeats =    0    0    0

Number of atoms = 8
Neighbor cutoff =      9.82658 a0

Atomic positions (a0):
----------------------
C      -0.30490      1.00458     -0.97663
H       0.53272      0.49941     -2.80725
H       0.45703      2.83953     -0.37639
H      -2.36042      1.17726     -1.20691
C       0.30490     -1.00458      0.97663
H      -0.53272     -0.49941      2.80725
H      -0.45703     -2.83953      0.37639
H       2.36042     -1.17726      1.20691

Total forces (Ry/a0):
---------------------
  4.348541466e-07  -1.373516151e-05  -7.850224605e-07
   2.00600937e-05  -3.778720432e-05   2.234213306e-05
  2.245387837e-05   8.703667005e-07   3.787158005e-05
  4.244826992e-07  -3.822144422e-05   4.030299873e-05
 -1.133953499e-06   1.297692634e-05   1.985449984e-07
 -2.012519186e-05   3.788879288e-05  -2.208068717e-05
 -2.215615063e-05    -2.1498446e-07  -3.763035003e-05
  4.198707711e-08   3.822270859e-05  -4.021919717e-05

Stress Tensor (MBars):
----------------------
 -5.945259296e-09  -2.188475831e-08   1.935864463e-08
 -2.188475831e-08    2.22927825e-08  -4.860188705e-08
  1.935864463e-08  -4.860188705e-08   3.668091061e-08

EFermi =      0.2383421 Ry
(kT    =      0.0010000 Ry)

E0               =      6.2669143 Ry
E1               =     -8.9061800 Ry
Entropy          =      0.0000000 Ry
------------------------------------
Total (Free)     =     -2.6392657 Ry
                 =    -35.9093208 eV
                 =   -830.1810162 kCal/mol
                 =  -3473.2736205 kJ/mol
------------------------------------
Total (Internal) =     -2.6392657 Ry
                 =    -35.9093208 eV
                 =   -830.1810162 kCal/mol
                 =  -3473.2736205 kJ/mol
------------------------------------
Total (kT->0)    =     -2.6392657 Ry
                 =    -35.9093208 eV
                 =   -830.1810162 kCal/mol
                 =  -3473.2736205 kJ/mol

Net atomic charges (Mulliken):
------------------------------
C (   1) =      0.79231
H (   2) =     -0.26411
H (   3) =     -0.26410
H (   4) =     -0.26410
C (   5) =      0.79231
H (   6) =     -0.26411
H (   7) =     -0.26410
H (   8) =     -0.26410

Orbital populations (Mulliken):
-------------------------------
C (   1):  1.08  0.74  0.65  0.74 
H (   2):  1.26 
H (   3):  1.26 
H (   4):  1.26 
C (   5):  1.08  0.74  0.65  0.74 
H (   6):  1.26 
H (   7):  1.26 
H (   8):  1.26 

Total multipole moments:
------------------------

N.B. See the manual for the ordering of the moments.

Dipole  [e*a0]:   0.00000095   0.00000111   0.00000122
Dipole [Debye]:   0.00000242   0.00000283   0.00000310

Quadrupole  [e*a0^2]:   0.45364909   0.23463622  -0.22816409  -0.24784238   0.75133530  -0.20580671
Quadrupole [Debye*A]:   0.61017329   0.31559360  -0.30688838  -0.33335634   1.01057125  -0.27681695


Electrostatic potential:
------------------------
C (   1):     -0.3046484
H (   2):     -0.1197261
H (   3):     -0.1197287
H (   4):     -0.1197236
C (   5):     -0.3046484
H (   6):     -0.1197262
H (   7):     -0.1197285
H (   8):     -0.1197237

Time distribution (s):
======================
BuildFock                   0.00
DiagFock                    0.00
BuildForce                  0.00
Build Rho                   0.00


Wall time =       0.0s        0.0m        0.0h
CPU time  =       0.1s        0.0m        0.0h