    -----------------
    | Tight Binding |
    -----------------

The model is taken from the following papers:

Computational materials synthesis. I. A tight-binding scheme for hydrocarbons
A. P. Horsfield, P. D. Godwin, D. G. Pettifor, and A. P. Sutton
PHYSICAL REVIEW B VOLUME 54, NUMBER 22 1 DECEMBER 1996-II

Model characteristics
---------------------
Tabulated tight binding
Overlap      : 0
Crystal field: 0
Three centre : 0
N_{ij} Integrals : 0
SN Integrals: 0
Self-consistency parameters:
----------------------------
Number of loops         = 200
Energy tolerance        = 0.000000
Density tolerance       = 0.000010
Mixing scheme           = 1
Preconditioning type    = 1
Thomas-Fermi K          = 1.000000
Mix factor              = 0.020000
Number of mixing levels = 5

Other parameters:
-----------------
Excess number of electrons = 0.000000

State occupation parameters
---------------------------
Number tolerance =      1e-12
Atomic relaxation parameters:
-----------------------------
Relaxation method       = 3
Force tolerance         = 0.000100Ry/a0
Maximum number of steps = 1000

K points:
---------

K points:
---------


Atomic data:
------------
Atom Type #    1
----------------
Chemical symbol           : C 
Core charge               : 4.000000
Number of angular momenta : 2
Number of orbitals        : 4
Atomic radius             : 4.913288
Atomic energy correction  : 0.000000
  n l m     energy     occupancy    radius
  2 0 0   -0.219760     2.000000     4.913288
  2 1 0   0.272680     0.666670     4.913288
  2 1 1   0.272680     0.666670     4.913288
  2 1 2   0.272680     0.666660     4.913288

Atom Type #    2
----------------
Chemical symbol           : H 
Core charge               : 1.000000
Number of angular momenta : 1
Number of orbitals        : 1
Atomic radius             : 2.305467
Atomic energy correction  : 0.066060
  n l m     energy     occupancy    radius
  1 0 0   -0.349079     1.000000     2.305467

Orbital and electron count:
---------------------------
Number of orbitals  = 50
Number of electrons = 50.000000

Too few bands to accomodate the electrons.
NBands = 0, NElec = 50.000000
Setting number of bands to number of orbitals.

Diagonalizer information:
-------------------------
Using Unpacked LAPACK routine
NBands = 50

scf :  0) E =       7.301094945 Ry  dRho =      0.548  Q =   3.06e-14  t =       0.0 s
scf :  1) E =       7.886490301 Ry  dRho =      0.539  Q =   2.24e-14  t =       0.0 s
scf :  2) E =       9.400724801 Ry  dRho =       0.53  Q =   1.89e-14  t =       0.0 s
scf :  3) E =       10.91493049 Ry  dRho =       0.52  Q =      2e-14  t =       0.0 s
scf :  4) E =       12.42910737 Ry  dRho =      0.511  Q =   1.95e-14  t =       0.0 s
scf :  5) E =       13.94325543 Ry  dRho =      0.502  Q =   2.07e-14  t =       0.0 s
scf :  6) E =       15.45737468 Ry  dRho =      0.493  Q =   1.75e-14  t =       0.0 s
scf :  7) E =        16.9714651 Ry  dRho =      0.484  Q =   2.24e-14  t =       0.0 s
scf :  8) E =        18.4855267 Ry  dRho =      0.475  Q =   3.09e-14  t =       0.0 s
scf :  9) E =       19.99955947 Ry  dRho =      0.466  Q =   3.09e-14  t =       0.0 s
scf : 10) E =       21.51356341 Ry  dRho =      0.457  Q =   2.15e-14  t =       0.0 s
scf : 11) E =       23.02753852 Ry  dRho =      0.448  Q =   2.53e-14  t =       0.0 s
scf : 12) E =       24.54148479 Ry  dRho =      0.439  Q =   8.66e-15  t =       0.0 s
scf : 13) E =       26.05540222 Ry  dRho =      0.431  Q =   7.77e-15  t =       0.0 s
scf : 14) E =       27.56929081 Ry  dRho =      0.422  Q =   1.22e-14  t =       0.0 s
scf : 15) E =       29.08315055 Ry  dRho =      0.414  Q =   1.82e-14  t =       0.0 s
scf : 16) E =       30.59698145 Ry  dRho =      0.405  Q =   7.99e-15  t =       0.0 s
scf : 17) E =        32.1107835 Ry  dRho =      0.397  Q =   1.33e-14  t =       0.0 s
scf : 18) E =        33.6245567 Ry  dRho =      0.388  Q =   1.84e-14  t =       0.0 s
scf : 19) E =       35.13830104 Ry  dRho =       0.38  Q =   2.51e-14  t =       0.0 s
scf : 20) E =       36.65201653 Ry  dRho =      0.372  Q =   2.49e-14  t =       0.0 s
scf : 21) E =       38.16570317 Ry  dRho =      0.364  Q =   2.26e-14  t =       0.0 s
scf : 22) E =       39.67936094 Ry  dRho =      0.357  Q =   9.99e-15  t =       0.0 s
scf : 23) E =       41.19298986 Ry  dRho =      0.349  Q =   1.27e-14  t =       0.0 s
scf : 24) E =       42.70658991 Ry  dRho =      0.341  Q =   1.31e-14  t =       0.0 s
scf : 25) E =       43.85536056 Ry  dRho =      0.334  Q =   9.55e-15  t =       0.0 s
scf : 26) E =       42.16868484 Ry  dRho =      0.339  Q =   1.69e-14  t =       0.0 s
scf : 27) E =        40.6389679 Ry  dRho =       0.33  Q =   9.77e-15  t =       0.0 s
scf : 28) E =       42.15246533 Ry  dRho =      0.323  Q =   1.09e-14  t =       0.0 s
scf : 29) E =       43.66593388 Ry  dRho =      0.316  Q =    1.2e-14  t =       0.0 s
scf : 30) E =       41.58381316 Ry  dRho =      0.309  Q =    2.4e-14  t =       0.0 s
scf : 31) E =       38.46890819 Ry  dRho =      0.305  Q =   2.98e-14  t =       0.0 s
scf : 32) E =       35.35252484 Ry  dRho =      0.302  Q =    2.8e-14  t =       0.0 s
scf : 33) E =       36.86587481 Ry  dRho =      0.295  Q =   3.24e-14  t =       0.0 s
scf : 34) E =       38.37919586 Ry  dRho =      0.287  Q =   1.07e-14  t =       0.0 s
scf : 35) E =       36.86587481 Ry  dRho =      0.295  Q =   3.24e-14  t =       0.0 s
scf : 36) E =       33.74799242 Ry  dRho =      0.292  Q =   1.87e-14  t =       0.0 s
scf : 37) E =       32.97238382 Ry  dRho =      0.284  Q =   1.02e-14  t =       0.0 s
scf : 38) E =       32.20546229 Ry  dRho =      0.277  Q =   1.02e-14  t =       0.0 s
scf : 39) E =       32.07406255 Ry  dRho =      0.269  Q =   2.22e-14  t =       0.0 s
scf : 40) E =       33.58714184 Ry  dRho =      0.262  Q =   2.42e-14  t =       0.0 s
scf : 41) E =       30.59616834 Ry  dRho =      0.252  Q =   1.75e-14  t =       0.0 s
scf : 42) E =       27.34979672 Ry  dRho =      0.241  Q =   2.38e-14  t =       0.0 s
scf : 43) E =       25.49952421 Ry  dRho =      0.232  Q =   1.27e-14  t =       0.0 s
scf : 44) E =       24.53206461 Ry  dRho =      0.224  Q =      6e-15  t =       0.0 s
scf : 45) E =       19.41929729 Ry  dRho =      0.213  Q =   1.18e-14  t =       0.0 s
scf : 46) E =       14.65722414 Ry  dRho =      0.204  Q =   1.24e-14  t =       0.0 s
scf : 47) E =       9.536177131 Ry  dRho =      0.194  Q =   2.84e-14  t =       0.0 s
scf : 48) E =        9.84300312 Ry  dRho =      0.202  Q =   1.09e-14  t =       0.0 s
scf : 49) E =       9.337250794 Ry  dRho =      0.208  Q =   1.64e-14  t =       0.0 s
scf : 50) E =       7.172891325 Ry  dRho =      0.201  Q =   1.15e-14  t =       0.0 s
scf : 51) E =       3.609164247 Ry  dRho =      0.191  Q =   2.07e-14  t =       0.0 s
scf : 52) E =        2.89986826 Ry  dRho =      0.184  Q =   3.24e-14  t =       0.0 s
scf : 53) E =     -0.6855772975 Ry  dRho =      0.176  Q =   1.07e-14  t =       0.0 s
scf : 54) E =       -4.24628875 Ry  dRho =      0.168  Q =   1.33e-14  t =       0.0 s
scf : 55) E =      -5.798044445 Ry  dRho =       0.16  Q =   2.29e-14  t =       0.0 s
scf : 56) E =      -6.910905769 Ry  dRho =      0.154  Q =   2.51e-14  t =       0.0 s
scf : 57) E =      -9.481069753 Ry  dRho =      0.148  Q =   1.62e-14  t =       0.0 s
scf : 58) E =      -9.604139685 Ry  dRho =      0.143  Q =   1.67e-14  t =       0.0 s
scf : 59) E =      -10.55652503 Ry  dRho =      0.138  Q =   3.26e-14  t =       0.0 s
scf : 60) E =      -11.98223599 Ry  dRho =      0.134  Q =   1.95e-14  t =       0.0 s
scf : 61) E =      -13.03961273 Ry  dRho =      0.131  Q =   1.62e-14  t =       0.0 s
scf : 62) E =      -13.87954314 Ry  dRho =       0.13  Q =   4.22e-15  t =       0.0 s
scf : 63) E =      -14.11957045 Ry  dRho =      0.127  Q =   2.11e-14  t =       0.0 s
scf : 64) E =      -14.33636013 Ry  dRho =       0.12  Q =   1.75e-14  t =       0.0 s
scf : 65) E =       -14.5800073 Ry  dRho =      0.113  Q =   2.71e-14  t =       0.0 s
scf : 66) E =      -14.44648142 Ry  dRho =      0.108  Q =   2.07e-14  t =       0.0 s
scf : 67) E =      -14.60565438 Ry  dRho =      0.103  Q =   1.69e-14  t =       0.0 s
scf : 68) E =       -13.9869231 Ry  dRho =        0.1  Q =   1.07e-14  t =       0.0 s
scf : 69) E =      -14.26706305 Ry  dRho =     0.0971  Q =   1.67e-14  t =       0.0 s
scf : 70) E =      -14.98151652 Ry  dRho =     0.0952  Q =   3.55e-14  t =       0.0 s
scf : 71) E =        -15.304742 Ry  dRho =     0.0926  Q =   1.33e-14  t =       0.0 s
scf : 72) E =      -14.39290425 Ry  dRho =      0.085  Q =   9.99e-15  t =       0.0 s
scf : 73) E =      -13.94270135 Ry  dRho =      0.078  Q =   1.15e-14  t =       0.0 s
scf : 74) E =      -14.04060342 Ry  dRho =     0.0728  Q =   2.15e-14  t =       0.0 s
scf : 75) E =      -12.11208372 Ry  dRho =     0.0685  Q =    2.2e-14  t =       0.0 s
scf : 76) E =      -10.89286133 Ry  dRho =      0.065  Q =   1.27e-14  t =       0.0 s
scf : 77) E =      -9.086806216 Ry  dRho =     0.0632  Q =   1.87e-14  t =       0.0 s
scf : 78) E =       -7.70054974 Ry  dRho =     0.0607  Q =   2.24e-14  t =       0.0 s
scf : 79) E =      -7.228185802 Ry  dRho =     0.0564  Q =   1.44e-14  t =       0.0 s
scf : 80) E =      -6.866901563 Ry  dRho =     0.0497  Q =   1.33e-14  t =       0.0 s
scf : 81) E =      -7.994744527 Ry  dRho =     0.0463  Q =   1.55e-14  t =       0.0 s
scf : 82) E =      -8.126518293 Ry  dRho =     0.0394  Q =   2.44e-14  t =       0.0 s
scf : 83) E =       -8.27829797 Ry  dRho =      0.036  Q =   1.71e-14  t =       0.0 s
scf : 84) E =      -8.781307219 Ry  dRho =     0.0331  Q =   1.73e-14  t =       0.0 s
scf : 85) E =      -9.513146159 Ry  dRho =     0.0314  Q =   2.29e-14  t =       0.0 s
scf : 86) E =      -10.06525374 Ry  dRho =     0.0302  Q =   1.35e-14  t =       0.0 s
scf : 87) E =       -8.48329705 Ry  dRho =     0.0247  Q =   2.42e-14  t =       0.0 s
scf : 88) E =      -7.699027154 Ry  dRho =     0.0238  Q =   7.77e-15  t =       0.0 s
scf : 89) E =      -7.640290756 Ry  dRho =     0.0207  Q =   1.58e-14  t =       0.0 s
scf : 90) E =      -7.606862385 Ry  dRho =     0.0198  Q =   1.78e-14  t =       0.0 s
scf : 91) E =      -8.914846053 Ry  dRho =     0.0119  Q =   2.49e-14  t =       0.0 s
scf : 92) E =      -8.890532123 Ry  dRho =    0.00958  Q =   1.09e-14  t =       0.0 s
scf : 93) E =      -8.814455692 Ry  dRho =    0.00931  Q =   1.09e-14  t =       0.0 s
scf : 94) E =      -8.953688153 Ry  dRho =    0.00428  Q =    2.2e-14  t =       0.0 s
scf : 95) E =      -8.953663278 Ry  dRho =    0.00417  Q =   2.11e-14  t =       0.0 s
scf : 96) E =      -8.785282601 Ry  dRho =    0.00112  Q =   6.44e-15  t =       0.0 s
scf : 97) E =      -8.784340551 Ry  dRho =    0.00109  Q =   1.58e-14  t =       0.0 s
scf : 98) E =      -8.763860261 Ry  dRho =   0.000242  Q =   1.95e-14  t =       0.0 s
scf : 99) E =      -8.760788144 Ry  dRho =   0.000231  Q =   1.69e-14  t =       0.0 s
scf : 100) E =      -8.757625371 Ry  dRho =   0.000222  Q =   5.33e-15  t =       0.0 s
scf : 101) E =      -8.747287977 Ry  dRho =   0.000187  Q =   1.49e-14  t =       0.0 s
scf : 102) E =       -8.74663797 Ry  dRho =    0.00018  Q =   2.11e-14  t =       0.0 s
scf : 103) E =      -8.740388604 Ry  dRho =   0.000149  Q =   1.24e-14  t =       0.0 s
scf : 104) E =      -8.739525926 Ry  dRho =   0.000146  Q =   1.73e-14  t =       0.0 s
scf : 105) E =      -8.719161395 Ry  dRho =   4.82e-05  Q =   1.53e-14  t =       0.0 s
scf : 106) E =       -8.71921429 Ry  dRho =   4.68e-05  Q =   2.02e-14  t =       0.0 s
scf : 107) E =      -8.719748138 Ry  dRho =   4.12e-05  Q =   1.31e-14  t =       0.0 s
scf : 108) E =       -8.71948104 Ry  dRho =   3.94e-05  Q =   1.47e-14  t =       0.0 s
scf : 109) E =      -8.719375548 Ry  dRho =   3.55e-05  Q =   2.31e-14  t =       0.0 s
scf : 110) E =      -8.719476056 Ry  dRho =   3.46e-05  Q =   2.26e-14  t =       0.0 s
scf : 111) E =       -8.72004387 Ry  dRho =   2.98e-05  Q =   1.75e-14  t =       0.0 s
scf : 112) E =      -8.719066118 Ry  dRho =    2.8e-05  Q =   1.62e-14  t =       0.0 s
scf : 113) E =      -8.718720445 Ry  dRho =   2.73e-05  Q =   2.42e-14  t =       0.0 s
scf : 114) E =       -8.71634136 Ry  dRho =   1.98e-05  Q =   2.42e-14  t =       0.0 s
scf : 115) E =      -8.716173426 Ry  dRho =   1.92e-05  Q =   2.31e-14  t =       0.0 s
scf : 116) E =      -8.715587246 Ry  dRho =   1.79e-05  Q =   2.04e-14  t =       0.0 s
scf : 117) E =      -8.715342102 Ry  dRho =   1.73e-05  Q =   1.91e-14  t =       0.0 s
scf : 118) E =      -8.714869181 Ry  dRho =   1.04e-05  Q =   1.73e-14  t =       0.0 s
scf : 119) E =      -8.714840491 Ry  dRho =   1.02e-05  Q =   2.58e-14  t =       0.0 s
scf : 120) E =      -8.713941298 Ry  dRho =   5.26e-06  Q =   2.02e-14  t =       0.0 s

Before Relaxation:
==================

Primitive translation vectors (a0):
-----------------------------------
   100.00000      0.00000      0.00000
     0.00000    100.00000      0.00000
     0.00000      0.00000    100.00000
Volume       = 1000000.000000 a0^3
Cell repeats =    0    0    0

Number of atoms = 26
Neighbor cutoff =      9.82658 a0

Atomic positions (a0):
----------------------
C       2.57079      1.69241      7.86961
C       1.89934     -0.17102      5.75326
C       1.05204      1.15605      3.34727
C       0.43359     -0.66680      1.19161
H       3.22019      0.82291      9.23914
H       4.14613      2.78997      7.23036
H       0.77114      2.77059      8.47783
H       0.50916     -1.42294      6.32010
H       3.51501     -1.31888      5.23606
H       2.47564      2.33948      2.80526
H      -0.44931      2.32018      3.80861
H      -0.92976     -1.74765      1.75225
H       2.13831     -1.79854      0.69718
C      -0.43359      0.66680     -1.19161
C      -1.05204     -1.15605     -3.34727
H       0.92976      1.74765     -1.75225
H      -2.13831      1.79854     -0.69718
C      -1.89934      0.17102     -5.75326
H      -2.47564     -2.33948     -2.80526
H       0.44931     -2.32018     -3.80861
C      -2.57079     -1.69241     -7.86961
H      -0.50916      1.42294     -6.32010
H      -3.51501      1.31888     -5.23606
H      -3.22019     -0.82291     -9.23914
H      -4.14613     -2.78997     -7.23036
H      -0.77114     -2.77059     -8.47783

Total forces (Ry/a0):
---------------------
    -0.1706282805      0.1083118162     -0.2183729307
    0.04147852109      0.0954745334    -0.02752138486
   0.002438789312     -0.1435229628     0.01318151061
     0.1544414755       0.157117134    -0.05961821087
     0.1034326194     -0.1662954002      0.2715418519
     0.0107332722     0.05474818447    -0.02462031938
     0.0662269064     -0.0204396971    -0.03016610491
   -0.07548187602    -0.05908120975     0.03403300553
    0.02741222787   -0.009188538944   0.0008292588334
    0.09837283654     0.07468629035    -0.04080947483
   -0.08903200281     0.05030186378     0.01675821593
    -0.1633482825     -0.1507889519     0.07040373468
   -0.01439743875    0.007460680985    0.009439913027
    -0.1544412174     -0.1571172312     0.05961828569
   -0.00243882979      0.1435228645    -0.01318141447
      0.163348314      0.1507889847    -0.07040374706
    0.01439723065   -0.007460577424    -0.00943986823
   -0.04147844131    -0.09547485086     0.02752129781
   -0.09837283829    -0.07468626697      0.0408094605
    0.08903200562    -0.05030181403    -0.01675822437
     0.1706282291     -0.1083115712      0.2183729812
    0.07548193428     0.05908127341    -0.03403306769
   -0.02741236207    0.009188612336  -0.0008292464934
    -0.1034326596      0.1662953875     -0.2715419574
   -0.01073326755    -0.05474821327     0.02462032523
   -0.06622686531     0.02043966003     0.03016611025

Stress Tensor (MBars):
----------------------
 -0.0001767810401  -9.082888238e-05   2.989799913e-06
 -9.082888238e-05  -0.0001451363073   0.0001426426554
  2.989799913e-06   0.0001426426554  -0.0001382855965

EFermi =      0.2079330 Ry
(kT    =      0.0010000 Ry)

E0               =     24.9901308 Ry
E1               =    -33.7040721 Ry
Entropy          =      0.0000000 Ry
------------------------------------
Total (Free)     =     -8.7139413 Ry
                 =   -118.5601425 eV
                 =  -2740.9702353 kCal/mol
                 = -11467.5467482 kJ/mol
------------------------------------
Total (Internal) =     -8.7139413 Ry
                 =   -118.5601425 eV
                 =  -2740.9702353 kCal/mol
                 = -11467.5467482 kJ/mol
------------------------------------
Total (kT->0)    =     -8.7139413 Ry
                 =   -118.5601425 eV
                 =  -2740.9702353 kCal/mol
                 = -11467.5467482 kJ/mol

Net atomic charges (Mulliken):
------------------------------
C (   1) =      0.81952
C (   2) =      0.45824
C (   3) =      0.48858
C (   4) =      0.49646
H (   5) =     -0.23091
H (   6) =     -0.27105
H (   7) =     -0.28600
H (   8) =     -0.23918
H (   9) =     -0.25157
H (  10) =     -0.24656
H (  11) =     -0.24533
H (  12) =     -0.23162
H (  13) =     -0.26060
C (  14) =      0.49646
C (  15) =      0.48859
H (  16) =     -0.23162
H (  17) =     -0.26060
C (  18) =      0.45824
H (  19) =     -0.24656
H (  20) =     -0.24533
C (  21) =      0.81952
H (  22) =     -0.23918
H (  23) =     -0.25157
H (  24) =     -0.23091
H (  25) =     -0.27105
H (  26) =     -0.28600

Orbital populations (Mulliken):
-------------------------------
C (   1):  1.06  0.76  0.66  0.70 
C (   2):  1.13  0.92  0.69  0.80 
C (   3):  1.12  0.90  0.69  0.80 
C (   4):  1.11  0.90  0.70  0.79 
H (   5):  1.23 
H (   6):  1.27 
H (   7):  1.29 
H (   8):  1.24 
H (   9):  1.25 
H (  10):  1.25 
H (  11):  1.25 
H (  12):  1.23 
H (  13):  1.26 
C (  14):  1.11  0.90  0.70  0.79 
C (  15):  1.12  0.90  0.69  0.80 
H (  16):  1.23 
H (  17):  1.26 
C (  18):  1.13  0.92  0.69  0.80 
H (  19):  1.25 
H (  20):  1.25 
C (  21):  1.06  0.76  0.66  0.70 
H (  22):  1.24 
H (  23):  1.25 
H (  24):  1.23 
H (  25):  1.27 
H (  26):  1.29 

Total multipole moments:
------------------------

N.B. See the manual for the ordering of the moments.

Dipole  [e*a0]:   0.00000255   0.00000328  -0.00000534
Dipole [Debye]:   0.00000647   0.00000834  -0.00001356

Quadrupole  [e*a0^2]:   0.20690216   0.90682838  -0.01309189  -1.97218719  -2.52785598   1.76528503
Quadrupole [Debye*A]:   0.27829036   1.21971469  -0.01760903  -2.65265813  -3.40005135   2.37436776


Electrostatic potential:
------------------------
C (   1):     -0.2812179
C (   2):     -0.3113062
C (   3):     -0.3113135
C (   4):     -0.3120754
H (   5):     -0.1482101
H (   6):     -0.1184771
H (   7):    -0.09605142
H (   8):     -0.1273687
H (   9):     -0.1081615
H (  10):     -0.1377039
H (  11):     -0.1335639
H (  12):     -0.1574685
H (  13):     -0.1086751
C (  14):     -0.3120749
C (  15):     -0.3113108
H (  16):     -0.1574688
H (  17):     -0.1086763
C (  18):     -0.3113061
H (  19):     -0.1377027
H (  20):     -0.1335626
C (  21):     -0.2812192
H (  22):     -0.1273697
H (  23):     -0.1081628
H (  24):     -0.1482119
H (  25):     -0.1184784
H (  26):    -0.09605282
scf :  0) E =      -8.588462687 Ry  dRho =     0.0184  Q =   2.33e-14  t =       0.0 s
scf :  1) E =      -8.597504785 Ry  dRho =     0.0179  Q =   1.15e-14  t =       0.0 s
scf :  2) E =      -9.564389718 Ry  dRho =    0.00874  Q =   2.89e-14  t =       0.0 s
scf :  3) E =      -9.279392175 Ry  dRho =    0.00365  Q =   2.26e-14  t =       0.0 s
scf :  4) E =      -8.787995701 Ry  dRho =    0.00148  Q =   7.77e-15  t =       0.0 s
scf :  5) E =      -8.815800985 Ry  dRho =   0.000534  Q =   7.11e-15  t =       0.0 s
scf :  6) E =      -8.843812986 Ry  dRho =   0.000348  Q =      6e-15  t =       0.0 s
scf :  7) E =      -8.845476437 Ry  dRho =   0.000339  Q =   1.24e-14  t =       0.0 s
scf :  8) E =      -8.862636449 Ry  dRho =   0.000124  Q =   1.82e-14  t =       0.0 s
scf :  9) E =       -8.86246133 Ry  dRho =   0.000121  Q =   1.18e-14  t =       0.0 s
scf : 10) E =      -8.866721953 Ry  dRho =   6.76e-05  Q =   8.66e-15  t =       0.0 s
scf : 11) E =      -8.867195635 Ry  dRho =    6.6e-05  Q =    9.1e-15  t =       0.0 s
scf : 12) E =      -8.874154498 Ry  dRho =   3.22e-05  Q =   1.67e-14  t =       0.0 s
scf : 13) E =      -8.874198438 Ry  dRho =   3.13e-05  Q =   1.02e-14  t =       0.0 s
scf : 14) E =      -8.875106031 Ry  dRho =   2.61e-05  Q =   1.13e-14  t =       0.0 s
scf : 15) E =      -8.875544736 Ry  dRho =   2.52e-05  Q =    9.1e-15  t =       0.0 s
scf : 16) E =      -8.875640295 Ry  dRho =   2.43e-05  Q =    1.8e-14  t =       0.0 s
scf : 17) E =      -8.874874229 Ry  dRho =   2.29e-05  Q =   1.42e-14  t =       0.0 s
scf : 18) E =      -8.874823053 Ry  dRho =   2.23e-05  Q =   8.88e-15  t =       0.0 s
scf : 19) E =      -8.876128652 Ry  dRho =   1.81e-05  Q =   1.58e-14  t =       0.0 s
scf : 20) E =      -8.876238914 Ry  dRho =   1.77e-05  Q =   6.66e-15  t =       0.0 s
scf : 21) E =      -8.878322529 Ry  dRho =   7.43e-06  Q =   1.31e-14  t =       0.0 s
scf :  0) E =      -8.803331276 Ry  dRho =    0.00572  Q =   1.67e-14  t =       0.0 s
scf :  1) E =      -8.806875194 Ry  dRho =    0.00556  Q =   1.35e-14  t =       0.0 s
scf :  2) E =      -8.928865912 Ry  dRho =   0.000585  Q =   7.55e-15  t =       0.0 s
scf :  3) E =        -8.9128429 Ry  dRho =   8.64e-05  Q =   1.15e-14  t =       0.0 s
scf :  4) E =      -8.917692968 Ry  dRho =   0.000158  Q =   5.77e-15  t =       0.0 s
scf :  5) E =      -8.914733747 Ry  dRho =   5.54e-06  Q =    1.4e-14  t =       0.0 s
scf :  0) E =      -8.862003116 Ry  dRho =    0.00294  Q =   8.66e-15  t =       0.0 s
scf :  1) E =      -8.863851091 Ry  dRho =    0.00286  Q =   9.55e-15  t =       0.0 s
scf :  2) E =      -8.926504746 Ry  dRho =   0.000306  Q =   8.44e-15  t =       0.0 s
scf :  3) E =      -8.918513811 Ry  dRho =   4.17e-05  Q =    1.2e-14  t =       0.0 s
scf :  4) E =      -8.920825365 Ry  dRho =   8.48e-05  Q =   1.49e-14  t =       0.0 s
scf :  5) E =      -8.919308953 Ry  dRho =   3.26e-06  Q =   9.99e-15  t =       0.0 s
scf :  0) E =      -8.941195433 Ry  dRho =    0.00622  Q =   1.89e-14  t =       0.0 s
scf :  1) E =      -8.940759149 Ry  dRho =    0.00606  Q =   1.75e-14  t =       0.0 s
scf :  2) E =      -8.925293002 Ry  dRho =   0.000967  Q =   2.18e-14  t =       0.0 s
scf :  3) E =      -8.931741688 Ry  dRho =   0.000103  Q =   2.49e-14  t =       0.0 s
scf :  4) E =      -8.931651949 Ry  dRho =    0.00011  Q =   2.91e-14  t =       0.0 s
scf :  5) E =       -8.93256972 Ry  dRho =   1.52e-05  Q =   1.91e-14  t =       0.0 s
scf :  6) E =      -8.932554956 Ry  dRho =   1.06e-05  Q =   2.95e-14  t =       0.0 s
scf :  7) E =      -8.932646229 Ry  dRho =   9.74e-07  Q =    1.8e-14  t =       0.0 s
scf :  0) E =      -8.943382333 Ry  dRho =    0.00258  Q =   1.38e-14  t =       0.0 s
scf :  1) E =      -8.943229442 Ry  dRho =    0.00251  Q =   1.53e-14  t =       0.0 s
scf :  2) E =      -8.937500113 Ry  dRho =   0.000295  Q =   1.11e-14  t =       0.0 s
scf :  3) E =      -8.936719652 Ry  dRho =   1.88e-05  Q =    1.4e-14  t =       0.0 s
scf :  4) E =      -8.936738699 Ry  dRho =   1.77e-05  Q =   1.31e-14  t =       0.0 s
scf :  5) E =      -8.936781019 Ry  dRho =   1.75e-06  Q =   3.55e-15  t =       0.0 s
scf :  0) E =      -8.940096838 Ry  dRho =    0.00264  Q =   1.11e-14  t =       0.0 s
scf :  1) E =      -8.940098574 Ry  dRho =    0.00257  Q =   9.99e-15  t =       0.0 s
scf :  2) E =      -8.940120466 Ry  dRho =   0.000305  Q =   3.11e-15  t =       0.0 s
scf :  3) E =       -8.93799761 Ry  dRho =   1.85e-05  Q =   9.33e-15  t =       0.0 s
scf :  4) E =      -8.938032549 Ry  dRho =   1.75e-05  Q =   4.22e-15  t =       0.0 s
scf :  5) E =      -8.938188839 Ry  dRho =    1.9e-06  Q =   1.18e-14  t =       0.0 s
scf :  0) E =      -8.953281708 Ry  dRho =    0.00133  Q =   1.78e-14  t =       0.0 s
scf :  1) E =      -8.952817771 Ry  dRho =     0.0013  Q =   2.07e-14  t =       0.0 s
scf :  2) E =      -8.935793913 Ry  dRho =    0.00021  Q =    1.2e-14  t =       0.0 s
scf :  3) E =      -8.939088519 Ry  dRho =   1.24e-05  Q =   2.29e-14  t =       0.0 s
scf :  4) E =      -8.939224638 Ry  dRho =   1.18e-05  Q =   2.38e-14  t =       0.0 s
scf :  5) E =      -8.939120988 Ry  dRho =   2.67e-06  Q =   1.22e-14  t =       0.0 s
scf :  0) E =      -8.927221074 Ry  dRho =   0.000672  Q =    1.8e-14  t =       0.0 s
scf :  1) E =      -8.927637241 Ry  dRho =   0.000653  Q =   3.15e-14  t =       0.0 s
scf :  2) E =      -8.941656698 Ry  dRho =   9.74e-05  Q =    2.4e-14  t =       0.0 s
scf :  3) E =      -8.939503365 Ry  dRho =    7.6e-06  Q =   2.78e-14  t =       0.0 s
scf :  0) E =      -8.930842095 Ry  dRho =   0.000472  Q =   1.58e-14  t =       0.0 s
scf :  1) E =      -8.931138319 Ry  dRho =   0.000458  Q =   2.44e-14  t =       0.0 s
scf :  2) E =      -8.941095472 Ry  dRho =   6.74e-05  Q =   1.47e-14  t =       0.0 s
scf :  3) E =      -8.939584215 Ry  dRho =   5.27e-06  Q =   1.29e-14  t =       0.0 s
scf :  0) E =       -8.93730513 Ry  dRho =    0.00043  Q =   2.55e-14  t =       0.0 s
scf :  1) E =      -8.937374213 Ry  dRho =   0.000419  Q =   3.02e-14  t =       0.0 s
scf :  2) E =      -8.940021073 Ry  dRho =   4.81e-05  Q =   2.53e-14  t =       0.0 s
scf :  3) E =      -8.939846058 Ry  dRho =   3.23e-06  Q =   2.42e-14  t =       0.0 s
scf :  0) E =       -8.93620274 Ry  dRho =   0.000606  Q =   2.53e-14  t =       0.0 s
scf :  1) E =      -8.936306941 Ry  dRho =   0.000591  Q =   3.06e-14  t =       0.0 s
scf :  2) E =        -8.9402935 Ry  dRho =   6.85e-05  Q =   2.86e-14  t =       0.0 s
scf :  3) E =      -8.939988445 Ry  dRho =   4.62e-06  Q =   2.64e-14  t =       0.0 s
scf :  0) E =      -8.929041658 Ry  dRho =   0.000574  Q =   1.58e-14  t =       0.0 s
scf :  1) E =      -8.929391879 Ry  dRho =   0.000558  Q =   1.91e-14  t =       0.0 s
scf :  2) E =      -8.941314084 Ry  dRho =   6.59e-05  Q =   4.44e-15  t =       0.0 s
scf :  3) E =      -8.940154586 Ry  dRho =   6.43e-06  Q =      6e-15  t =       0.0 s
scf :  0) E =      -8.926126533 Ry  dRho =   0.000714  Q =    1.4e-14  t =       0.0 s
scf :  1) E =       -8.92657329 Ry  dRho =   0.000694  Q =   7.99e-15  t =       0.0 s
scf :  2) E =      -8.941715717 Ry  dRho =   8.32e-05  Q =   1.84e-14  t =       0.0 s
scf :  3) E =      -8.940255436 Ry  dRho =   8.15e-06  Q =   1.49e-14  t =       0.0 s
scf :  0) E =      -8.944707248 Ry  dRho =   0.000571  Q =   2.82e-14  t =       0.0 s
scf :  1) E =      -8.944592825 Ry  dRho =   0.000557  Q =   2.58e-14  t =       0.0 s
scf :  2) E =       -8.94032213 Ry  dRho =   0.000103  Q =   2.62e-14  t =       0.0 s
scf :  3) E =      -8.940666112 Ry  dRho =    3.4e-06  Q =   1.91e-14  t =       0.0 s
scf :  0) E =      -8.942687764 Ry  dRho =   0.000278  Q =   1.13e-14  t =       0.0 s
scf :  1) E =      -8.942630897 Ry  dRho =   0.000271  Q =   1.11e-14  t =       0.0 s
scf :  2) E =      -8.940507269 Ry  dRho =   5.18e-05  Q =   1.15e-14  t =       0.0 s
scf :  3) E =        -8.9406784 Ry  dRho =   1.68e-06  Q =   1.55e-14  t =       0.0 s
scf :  0) E =      -8.937442905 Ry  dRho =   0.000367  Q =   3.13e-14  t =       0.0 s
scf :  1) E =      -8.937564385 Ry  dRho =   0.000357  Q =   3.35e-14  t =       0.0 s
scf :  2) E =      -8.941696232 Ry  dRho =   5.65e-05  Q =   3.09e-14  t =       0.0 s
scf :  3) E =      -8.940888193 Ry  dRho =   4.78e-06  Q =      2e-14  t =       0.0 s
scf :  0) E =      -8.935137117 Ry  dRho =    0.00062  Q =   2.09e-14  t =       0.0 s
scf :  1) E =      -8.935345309 Ry  dRho =   0.000603  Q =   2.44e-14  t =       0.0 s
scf :  2) E =      -8.942418059 Ry  dRho =   9.59e-05  Q =   1.11e-14  t =       0.0 s
scf :  3) E =       -8.94104412 Ry  dRho =   8.02e-06  Q =   1.82e-14  t =       0.0 s
scf :  0) E =      -8.934148015 Ry  dRho =   0.000285  Q =   5.77e-15  t =       0.0 s
scf :  1) E =      -8.934368124 Ry  dRho =   0.000277  Q =   1.42e-14  t =       0.0 s
scf :  2) E =      -8.941932339 Ry  dRho =   4.56e-05  Q =   7.77e-15  t =       0.0 s
scf :  3) E =      -8.941039932 Ry  dRho =   2.87e-06  Q =   1.27e-14  t =       0.0 s
scf :  0) E =      -8.930631538 Ry  dRho =   0.000426  Q =   1.91e-14  t =       0.0 s
scf :  1) E =       -8.93096613 Ry  dRho =   0.000414  Q =   2.33e-14  t =       0.0 s
scf :  2) E =      -8.942438072 Ry  dRho =   6.91e-05  Q =   2.15e-14  t =       0.0 s
scf :  3) E =      -8.941108493 Ry  dRho =   4.21e-06  Q =   2.75e-14  t =       0.0 s
scf :  0) E =      -8.933442899 Ry  dRho =   0.000461  Q =   1.82e-14  t =       0.0 s
scf :  1) E =      -8.933688015 Ry  dRho =   0.000449  Q =   2.04e-14  t =       0.0 s
scf :  2) E =      -8.942330192 Ry  dRho =   4.61e-05  Q =   2.49e-14  t =       0.0 s
scf :  3) E =        -8.9412103 Ry  dRho =   6.33e-06  Q =   1.49e-14  t =       0.0 s
scf :  0) E =      -8.932581731 Ry  dRho =    0.00051  Q =   1.78e-14  t =       0.0 s
scf :  1) E =      -8.932855861 Ry  dRho =   0.000496  Q =   2.26e-14  t =       0.0 s
scf :  2) E =      -8.942506594 Ry  dRho =   5.17e-05  Q =   9.77e-15  t =       0.0 s
scf :  3) E =      -8.941248051 Ry  dRho =   7.15e-06  Q =    2.2e-14  t =       0.0 s
scf :  0) E =       -8.93873752 Ry  dRho =   0.000404  Q =   9.77e-15  t =       0.0 s
scf :  1) E =      -8.938819739 Ry  dRho =   0.000394  Q =   1.31e-14  t =       0.0 s
scf :  2) E =      -8.941910536 Ry  dRho =   4.04e-05  Q =   9.33e-15  t =       0.0 s
scf :  3) E =      -8.941399993 Ry  dRho =   3.55e-06  Q =   1.55e-14  t =       0.0 s
scf :  0) E =      -8.938801176 Ry  dRho =    0.00039  Q =   1.78e-14  t =       0.0 s
scf :  1) E =      -8.938882719 Ry  dRho =    0.00038  Q =   1.67e-14  t =       0.0 s
scf :  2) E =      -8.941946519 Ry  dRho =   4.01e-05  Q =    2.6e-14  t =       0.0 s
scf :  3) E =      -8.941441758 Ry  dRho =   3.34e-06  Q =   1.18e-14  t =       0.0 s
scf :  0) E =      -8.934552046 Ry  dRho =    0.00033  Q =   1.35e-14  t =       0.0 s
scf :  1) E =      -8.934788241 Ry  dRho =   0.000321  Q =      6e-15  t =       0.0 s
scf :  2) E =      -8.942418919 Ry  dRho =      4e-05  Q =   6.66e-15  t =       0.0 s
scf :  3) E =      -8.941655451 Ry  dRho =   5.07e-06  Q =   7.11e-15  t =       0.0 s
scf :  0) E =      -8.933442159 Ry  dRho =   0.000388  Q =   2.15e-14  t =       0.0 s
scf :  1) E =      -8.933717239 Ry  dRho =   0.000377  Q =   2.71e-14  t =       0.0 s
scf :  2) E =      -8.942613933 Ry  dRho =   4.71e-05  Q =   1.98e-14  t =       0.0 s
scf :  3) E =      -8.941714119 Ry  dRho =   5.93e-06  Q =   2.51e-14  t =       0.0 s
scf :  0) E =      -8.939527955 Ry  dRho =   0.000183  Q =   1.91e-14  t =       0.0 s
scf :  1) E =       -8.93960108 Ry  dRho =   0.000178  Q =   2.24e-14  t =       0.0 s
scf :  2) E =      -8.942200169 Ry  dRho =   3.13e-05  Q =   2.07e-14  t =       0.0 s
scf :  3) E =      -8.941665219 Ry  dRho =   4.08e-06  Q =   2.02e-14  t =       0.0 s
scf :  0) E =       -8.94001402 Ry  dRho =   0.000138  Q =   9.55e-15  t =       0.0 s
scf :  1) E =      -8.940070472 Ry  dRho =   0.000134  Q =   9.99e-15  t =       0.0 s
scf :  2) E =      -8.942076564 Ry  dRho =   2.34e-05  Q =   1.84e-14  t =       0.0 s
scf :  3) E =      -8.941662337 Ry  dRho =   3.07e-06  Q =   8.66e-15  t =       0.0 s
scf :  0) E =      -8.941460339 Ry  dRho =   6.02e-05  Q =   1.09e-14  t =       0.0 s
scf :  1) E =      -8.941467546 Ry  dRho =   5.87e-05  Q =   1.51e-14  t =       0.0 s
scf :  2) E =      -8.941736678 Ry  dRho =   6.26e-06  Q =   2.46e-14  t =       0.0 s
scf :  0) E =       -8.94125947 Ry  dRho =   0.000128  Q =   1.15e-14  t =       0.0 s
scf :  1) E =      -8.941274006 Ry  dRho =   0.000125  Q =   1.84e-14  t =       0.0 s
scf :  2) E =      -8.941823028 Ry  dRho =    1.3e-05  Q =   2.07e-14  t =       0.0 s
scf :  3) E =      -8.941651181 Ry  dRho =   8.94e-07  Q =   1.69e-14  t =       0.0 s
scf :  0) E =      -8.941676852 Ry  dRho =   0.000115  Q =   1.49e-14  t =       0.0 s
scf :  1) E =      -8.941671794 Ry  dRho =   0.000112  Q =   1.13e-14  t =       0.0 s
scf :  2) E =      -8.941486362 Ry  dRho =   2.03e-05  Q =   7.55e-15  t =       1.0 s
scf :  3) E =      -8.941661853 Ry  dRho =   1.57e-06  Q =   1.33e-14  t =       1.0 s
scf :  0) E =      -8.941663698 Ry  dRho =   3.88e-05  Q =   1.27e-14  t =       1.0 s
scf :  1) E =      -8.941662508 Ry  dRho =   3.78e-05  Q =   1.29e-14  t =       1.0 s
scf :  2) E =      -8.941619642 Ry  dRho =   7.41e-06  Q =      6e-15  t =       1.0 s
scf :  0) E =      -8.940488732 Ry  dRho =   4.79e-05  Q =    1.8e-14  t =       1.0 s
scf :  1) E =      -8.940528313 Ry  dRho =   4.65e-05  Q =   4.66e-15  t =       1.0 s
scf :  2) E =      -8.941784992 Ry  dRho =    6.3e-06  Q =   1.44e-14  t =       1.0 s
scf :  0) E =      -8.936860517 Ry  dRho =   0.000209  Q =   7.77e-15  t =       1.0 s
scf :  1) E =      -8.937021327 Ry  dRho =   0.000203  Q =   8.88e-15  t =       1.0 s
scf :  2) E =      -8.942270873 Ry  dRho =   2.62e-05  Q =   1.69e-14  t =       1.0 s
scf :  3) E =      -8.941718732 Ry  dRho =   3.56e-06  Q =   1.38e-14  t =       1.0 s
scf :  0) E =      -8.941758769 Ry  dRho =   6.74e-05  Q =   8.44e-15  t =       1.0 s
scf :  1) E =      -8.941759211 Ry  dRho =   6.56e-05  Q =   1.44e-14  t =       1.0 s
scf :  2) E =       -8.94177354 Ry  dRho =   7.89e-06  Q =   1.49e-14  t =       1.0 s
scf :  0) E =      -8.941814497 Ry  dRho =   8.67e-05  Q =   1.38e-14  t =       1.0 s
scf :  1) E =      -8.941813197 Ry  dRho =   8.45e-05  Q =   6.88e-15  t =       1.0 s
scf :  2) E =      -8.941761674 Ry  dRho =   8.27e-06  Q =   9.33e-15  t =       1.0 s
scf :  0) E =      -8.941495574 Ry  dRho =   5.06e-05  Q =   1.62e-14  t =       1.0 s
scf :  1) E =      -8.941502066 Ry  dRho =   4.93e-05  Q =   1.13e-14  t =       1.0 s
scf :  2) E =      -8.941733189 Ry  dRho =   1.18e-05  Q =   8.88e-15  t =       1.0 s
scf :  3) E =      -8.941711163 Ry  dRho =   6.82e-07  Q =   1.64e-14  t =       1.0 s
scf :  0) E =      -8.941529592 Ry  dRho =   3.45e-05  Q =   8.22e-15  t =       1.0 s
scf :  1) E =      -8.941535416 Ry  dRho =   3.36e-05  Q =   5.77e-15  t =       1.0 s
scf :  2) E =      -8.941739769 Ry  dRho =   8.42e-06  Q =   1.42e-14  t =       1.0 s
scf :  0) E =      -8.940646025 Ry  dRho =   4.58e-05  Q =   2.11e-14  t =       1.0 s
scf :  1) E =      -8.940680818 Ry  dRho =   4.45e-05  Q =   1.91e-14  t =       1.0 s
scf :  2) E =      -8.941793538 Ry  dRho =   9.56e-06  Q =    1.8e-14  t =       1.0 s
scf :  0) E =      -8.941042814 Ry  dRho =   3.54e-05  Q =   1.24e-14  t =       1.0 s
scf :  1) E =      -8.941064889 Ry  dRho =   3.45e-05  Q =    1.4e-14  t =       1.0 s
scf :  2) E =      -8.941837272 Ry  dRho =   7.36e-06  Q =   1.84e-14  t =       1.0 s
scf :  0) E =      -8.941752234 Ry  dRho =   1.47e-05  Q =   2.24e-14  t =       1.0 s
scf :  1) E =      -8.941751647 Ry  dRho =   1.43e-05  Q =   4.88e-15  t =       1.0 s
scf :  2) E =       -8.94172838 Ry  dRho =   6.31e-07  Q =   1.27e-14  t =       1.0 s
scf :  0) E =      -8.941150408 Ry  dRho =      8e-05  Q =   9.99e-15  t =       1.0 s
scf :  1) E =      -8.941171448 Ry  dRho =    7.8e-05  Q =   1.95e-14  t =       1.0 s
scf :  2) E =      -8.941971134 Ry  dRho =   9.14e-06  Q =   1.33e-14  t =       1.0 s
scf :  0) E =      -8.941583428 Ry  dRho =   4.68e-05  Q =   1.82e-14  t =       1.0 s
scf :  1) E =      -8.941587219 Ry  dRho =   4.56e-05  Q =   1.71e-14  t =       1.0 s
scf :  2) E =      -8.941729317 Ry  dRho =   5.92e-06  Q =   1.35e-14  t =       1.0 s
scf :  0) E =      -8.941548583 Ry  dRho =   2.31e-05  Q =   3.55e-15  t =       1.0 s
scf :  1) E =       -8.94155372 Ry  dRho =   2.25e-05  Q =    1.2e-14  t =       1.0 s
scf :  2) E =      -8.941751861 Ry  dRho =   2.78e-06  Q =   4.44e-15  t =       1.0 s
scf :  0) E =      -8.941712812 Ry  dRho =   2.01e-05  Q =   1.55e-14  t =       1.0 s
scf :  1) E =      -8.941713795 Ry  dRho =   1.94e-05  Q =   1.15e-14  t =       1.0 s
scf :  2) E =      -8.941743543 Ry  dRho =   2.03e-06  Q =   1.73e-14  t =       1.0 s
scf :  0) E =      -8.941554159 Ry  dRho =   9.69e-05  Q =   2.15e-14  t =       1.0 s
scf :  1) E =      -8.941561901 Ry  dRho =   9.38e-05  Q =   1.35e-14  t =       1.0 s
scf :  2) E =      -8.941796529 Ry  dRho =   9.53e-06  Q =   1.47e-14  t =       1.0 s
scf :  0) E =      -8.942121624 Ry  dRho =   5.27e-05  Q =   1.07e-14  t =       1.0 s
scf :  1) E =      -8.942108852 Ry  dRho =   5.14e-05  Q =   1.44e-14  t =       1.0 s
scf :  2) E =      -8.941636793 Ry  dRho =   1.09e-05  Q =   1.71e-14  t =       1.0 s
scf :  3) E =      -8.941741956 Ry  dRho =   5.31e-07  Q =   1.11e-14  t =       1.0 s
scf :  0) E =      -8.942139826 Ry  dRho =   6.08e-05  Q =   1.95e-14  t =       1.0 s
scf :  1) E =      -8.942126106 Ry  dRho =   5.93e-05  Q =    1.8e-14  t =       1.0 s
scf :  2) E =      -8.941632805 Ry  dRho =   1.36e-05  Q =   2.38e-14  t =       1.0 s
scf :  3) E =      -8.941739917 Ry  dRho =   6.78e-07  Q =    1.2e-14  t =       1.0 s
scf :  0) E =      -8.941709296 Ry  dRho =   1.31e-05  Q =   2.02e-14  t =       1.0 s
scf :  1) E =      -8.941710141 Ry  dRho =   1.28e-05  Q =   2.07e-14  t =       1.0 s
scf :  2) E =      -8.941740376 Ry  dRho =   1.99e-06  Q =   1.38e-14  t =       1.0 s
scf :  0) E =      -8.941592524 Ry  dRho =   5.57e-05  Q =   2.04e-14  t =       1.0 s
scf :  1) E =      -8.941596385 Ry  dRho =   5.43e-05  Q =   2.18e-14  t =       1.0 s
scf :  2) E =      -8.941735411 Ry  dRho =   8.88e-06  Q =   2.02e-14  t =       1.0 s
scf :  0) E =      -8.941618624 Ry  dRho =   4.78e-05  Q =   2.15e-14  t =       1.0 s
scf :  1) E =      -8.941623093 Ry  dRho =   4.65e-05  Q =   1.89e-14  t =       1.0 s
scf :  2) E =      -8.941788532 Ry  dRho =   3.44e-06  Q =    1.8e-14  t =       1.0 s
scf :  0) E =      -8.941804326 Ry  dRho =   1.14e-05  Q =   2.42e-14  t =       1.0 s
scf :  1) E =      -8.941802651 Ry  dRho =   1.11e-05  Q =    1.2e-14  t =       1.0 s
scf :  2) E =      -8.941744232 Ry  dRho =   1.99e-06  Q =   1.55e-14  t =       1.0 s
scf :  0) E =      -8.941805433 Ry  dRho =      5e-05  Q =   7.99e-15  t =       1.0 s
scf :  1) E =      -8.941804124 Ry  dRho =   4.86e-05  Q =   6.88e-15  t =       1.0 s
scf :  2) E =      -8.941759221 Ry  dRho =   8.49e-06  Q =   8.66e-15  t =       1.0 s
scf :  0) E =      -8.942193943 Ry  dRho =      4e-05  Q =   1.67e-14  t =       1.0 s
scf :  1) E =      -8.942179103 Ry  dRho =    3.9e-05  Q =   1.27e-14  t =       1.0 s
scf :  2) E =      -8.941648877 Ry  dRho =   4.19e-06  Q =   1.82e-14  t =       1.0 s
scf :  0) E =      -8.942069103 Ry  dRho =   4.32e-05  Q =   1.22e-14  t =       1.0 s
scf :  1) E =      -8.942058319 Ry  dRho =   4.21e-05  Q =   6.22e-15  t =       1.0 s
scf :  2) E =      -8.941663411 Ry  dRho =   4.05e-06  Q =   1.09e-14  t =       1.0 s
scf :  0) E =       -8.94159029 Ry  dRho =   1.23e-05  Q =   1.02e-14  t =       1.0 s
scf :  1) E =       -8.94159513 Ry  dRho =   1.19e-05  Q =   9.55e-15  t =       1.0 s
scf :  2) E =      -8.941755629 Ry  dRho =   1.85e-06  Q =   8.66e-15  t =       1.0 s
scf :  0) E =      -8.941546697 Ry  dRho =   3.19e-05  Q =   9.99e-15  t =       1.0 s
scf :  1) E =       -8.94155224 Ry  dRho =    3.1e-05  Q =   9.99e-15  t =       1.0 s
scf :  2) E =      -8.941739033 Ry  dRho =   4.37e-06  Q =   1.15e-14  t =       1.0 s
scf :  0) E =       -8.94173727 Ry  dRho =   3.15e-05  Q =   1.35e-14  t =       1.0 s
scf :  1) E =      -8.941737462 Ry  dRho =   3.07e-05  Q =   5.77e-15  t =       1.0 s
scf :  2) E =        -8.9417449 Ry  dRho =   2.21e-06  Q =   8.88e-15  t =       1.0 s
scf :  0) E =      -8.941843234 Ry  dRho =   6.63e-06  Q =   3.77e-15  t =       1.0 s
scf :  0) E =      -8.942270457 Ry  dRho =   3.28e-05  Q =   1.78e-14  t =       1.0 s
scf :  1) E =      -8.942253646 Ry  dRho =   3.19e-05  Q =   9.77e-15  t =       1.0 s
scf :  2) E =      -8.941700797 Ry  dRho =   4.21e-06  Q =   1.73e-14  t =       1.0 s
scf :  0) E =       -8.94157688 Ry  dRho =   1.07e-05  Q =   1.62e-14  t =       1.0 s
scf :  1) E =      -8.941582527 Ry  dRho =   1.05e-05  Q =   1.33e-14  t =       1.0 s
scf :  2) E =      -8.941776284 Ry  dRho =   2.24e-06  Q =   3.11e-15  t =       1.0 s

After relaxation:
=================

Primitive translation vectors (a0):
-----------------------------------
   100.00000      0.00000      0.00000
     0.00000    100.00000      0.00000
     0.00000      0.00000    100.00000
Volume       = 1000000.000000 a0^3
Cell repeats =    0    0    0

Number of atoms = 26
Neighbor cutoff =      9.82658 a0

Atomic positions (a0):
----------------------
C       2.62777      1.67125      7.97978
C       1.95712     -0.09889      5.82007
C       1.09966      1.14123      3.37748
C       0.44736     -0.62593      1.21223
H       3.29507      0.60770      9.62819
H       4.11822      2.97986      7.36058
H       0.95304      2.77938      8.51169
H       0.43944     -1.37847      6.44832
H       3.61469     -1.28068      5.38236
H       2.60575      2.43606      2.74687
H      -0.56956      2.31519      3.80054
H      -1.03883     -1.93441      1.85835
H       2.12777     -1.77509      0.77243
C      -0.44737      0.62594     -1.21223
C      -1.09966     -1.14121     -3.37748
H       1.03882      1.93440     -1.85835
H      -2.12776      1.77508     -0.77243
C      -1.95712      0.09889     -5.82008
H      -2.60576     -2.43606     -2.74687
H       0.56957     -2.31520     -3.80054
C      -2.62778     -1.67124     -7.97977
H      -0.43945      1.37847     -6.44832
H      -3.61469      1.28067     -5.38236
H      -3.29507     -0.60770     -9.62819
H      -4.11822     -2.97986     -7.36058
H      -0.95303     -2.77938     -8.51169

Total forces (Ry/a0):
---------------------
  -7.56173804e-06  -1.048771758e-05   8.062260923e-06
  6.571193727e-06   1.044454668e-05   7.389459901e-07
 -8.231767468e-06  -2.086206783e-05   8.132446009e-07
 -1.281810495e-05  -9.450022882e-06    7.99924979e-06
 -4.576219689e-06   2.097209052e-07   8.030990976e-06
  6.258714315e-06  -1.126851338e-05   1.030714197e-05
 -1.334985748e-05   2.907793999e-05   1.629681911e-06
  1.802676004e-05     6.1244843e-06  -1.502258103e-05
  8.722067777e-07   1.556570278e-05  -2.788127438e-05
  1.636097187e-05   -3.57810804e-05  -2.314042919e-05
  -4.74737051e-06   7.548165898e-07   1.250834078e-05
  -7.04235849e-06  -1.721658615e-05  -9.553848097e-06
 -7.436293237e-08   2.336376525e-05   1.171589954e-05
  1.505288431e-05   -4.52913628e-06  -4.471157544e-06
  1.035375944e-05  -3.401544385e-06   -3.09152453e-06
  1.419127385e-05    2.56799668e-05   6.146036373e-06
 -8.734315109e-06  -1.540490366e-05  -9.614243364e-06
 -4.596673013e-06  -1.040526013e-05   7.448762341e-06
  -7.68646184e-06   4.573282595e-05   1.963076648e-05
 -6.569209585e-06   9.551618633e-06  -9.419750228e-06
  1.133911911e-05  -7.773054365e-06  -1.639486385e-05
 -1.528327891e-05  -2.758887555e-06   1.283323453e-05
 -4.259128879e-06  -1.237642423e-05   2.790215889e-05
  4.190802391e-06   1.158702571e-06  -7.988557157e-06
 -2.522784377e-06   1.605966391e-05  -1.113546725e-05
  4.835945423e-06  -2.200855553e-05   1.946981533e-06

Stress Tensor (MBars):
----------------------
  -9.49173543e-09   4.435241095e-09   1.093442955e-08
  4.435241094e-09   3.181582438e-08  -2.351633767e-08
  1.093442955e-08  -2.351633767e-08   4.844787772e-09

EFermi =      0.1387728 Ry
(kT    =      0.0010000 Ry)

E0               =     22.5939361 Ry
E1               =    -31.5357124 Ry
Entropy          =      0.0000000 Ry
------------------------------------
Total (Free)     =     -8.9417763 Ry
                 =   -121.6600198 eV
                 =  -2812.6357301 kCal/mol
                 = -11767.3775894 kJ/mol
------------------------------------
Total (Internal) =     -8.9417763 Ry
                 =   -121.6600198 eV
                 =  -2812.6357301 kCal/mol
                 = -11767.3775894 kJ/mol
------------------------------------
Total (kT->0)    =     -8.9417763 Ry
                 =   -121.6600198 eV
                 =  -2812.6357301 kCal/mol
                 = -11767.3775894 kJ/mol

Net atomic charges (Mulliken):
------------------------------
C (   1) =      0.83468
C (   2) =      0.46894
C (   3) =      0.51225
C (   4) =      0.51359
H (   5) =     -0.25887
H (   6) =     -0.27172
H (   7) =     -0.27085
H (   8) =     -0.24980
H (   9) =     -0.25005
H (  10) =     -0.25818
H (  11) =     -0.25859
H (  12) =     -0.25590
H (  13) =     -0.25549
C (  14) =      0.51359
C (  15) =      0.51225
H (  16) =     -0.25590
H (  17) =     -0.25549
C (  18) =      0.46893
H (  19) =     -0.25818
H (  20) =     -0.25860
C (  21) =      0.83468
H (  22) =     -0.24979
H (  23) =     -0.25005
H (  24) =     -0.25887
H (  25) =     -0.27172
H (  26) =     -0.27085

Orbital populations (Mulliken):
-------------------------------
C (   1):  1.07  0.74  0.65  0.71 
C (   2):  1.14  0.91  0.69  0.79 
C (   3):  1.13  0.90  0.68  0.78 
C (   4):  1.13  0.90  0.69  0.78 
H (   5):  1.26 
H (   6):  1.27 
H (   7):  1.27 
H (   8):  1.25 
H (   9):  1.25 
H (  10):  1.26 
H (  11):  1.26 
H (  12):  1.26 
H (  13):  1.26 
C (  14):  1.13  0.90  0.69  0.78 
C (  15):  1.13  0.90  0.68  0.78 
H (  16):  1.26 
H (  17):  1.26 
C (  18):  1.14  0.91  0.69  0.79 
H (  19):  1.26 
H (  20):  1.26 
C (  21):  1.07  0.74  0.65  0.71 
H (  22):  1.25 
H (  23):  1.25 
H (  24):  1.26 
H (  25):  1.27 
H (  26):  1.27 

Total multipole moments:
------------------------

N.B. See the manual for the ordering of the moments.

Dipole  [e*a0]:   0.00000748  -0.00000636   0.00004974
Dipole [Debye]:   0.00001901  -0.00001616   0.00012642

Quadrupole  [e*a0^2]:   2.08561376  -0.10395970  -1.22506366  -0.89602363  -0.67381434  -1.18959013
Quadrupole [Debye*A]:   2.80522068  -0.13982929  -1.64775184  -1.20518193  -0.90630296  -1.60003875


Electrostatic potential:
------------------------
C (   1):     -0.3032289
C (   2):     -0.3442742
C (   3):     -0.3462364
C (   4):     -0.3441187
H (   5):     -0.1149541
H (   6):     -0.1260947
H (   7):     -0.1255874
H (   8):     -0.1281243
H (   9):     -0.1282985
H (  10):       -0.13905
H (  11):      -0.139388
H (  12):     -0.1349366
H (  13):     -0.1346815
C (  14):     -0.3441206
C (  15):     -0.3462365
H (  16):     -0.1349417
H (  17):     -0.1346869
C (  18):     -0.3442771
H (  19):     -0.1390455
H (  20):     -0.1393828
C (  21):     -0.3032296
H (  22):      -0.128128
H (  23):     -0.1283025
H (  24):     -0.1149557
H (  25):     -0.1260922
H (  26):     -0.1255832

Time distribution (s):
======================
BuildFock                   0.00
DiagFock                    0.00
BuildForce                  0.00
Build Rho                   0.00


Wall time =       1.0s        0.0m        0.0h
CPU time  =       0.4s        0.0m        0.0h
